2020-04-24T11:30:38.426Z [error]: main - uncaughtException: Unexpected identifier
C:\Users\Sebas\Desktop\Licencjat\Server\middleware\role.js:3
    console token = req.header('x-auth-token');
            ^^^^^

SyntaxError: Unexpected identifier
    at wrapSafe (internal/modules/cjs/loader.js:1071:16)
    at Module._compile (internal/modules/cjs/loader.js:1121:27)
    at Object.Module._extensions..js (internal/modules/cjs/loader.js:1177:10)
    at Module.load (internal/modules/cjs/loader.js:1001:32)
    at Function.Module._load (internal/modules/cjs/loader.js:900:14)
    at Module.require (internal/modules/cjs/loader.js:1043:19)
    at require (internal/modules/cjs/helpers.js:77:18)
    at Object.<anonymous> (C:\Users\Sebas\Desktop\Licencjat\Server\routes\index.js:4:14)
    at Module._compile (internal/modules/cjs/loader.js:1157:30)
    at Object.Module._extensions..js (internal/modules/cjs/loader.js:1177:10)
2020-04-24T11:34:48.164Z [error]: main - uncaughtException: Unexpected token '=='
C:\Users\Sebas\Desktop\Licencjat\Server\middleware\role.js:4
    if( == 0) return res.status(403).send('Access denied.');
        ^^

SyntaxError: Unexpected token '=='
    at wrapSafe (internal/modules/cjs/loader.js:1071:16)
    at Module._compile (internal/modules/cjs/loader.js:1121:27)
    at Object.Module._extensions..js (internal/modules/cjs/loader.js:1177:10)
    at Module.load (internal/modules/cjs/loader.js:1001:32)
    at Function.Module._load (internal/modules/cjs/loader.js:900:14)
    at Module.require (internal/modules/cjs/loader.js:1043:19)
    at require (internal/modules/cjs/helpers.js:77:18)
    at Object.<anonymous> (C:\Users\Sebas\Desktop\Licencjat\Server\routes\index.js:4:14)
    at Module._compile (internal/modules/cjs/loader.js:1157:30)
    at Object.Module._extensions..js (internal/modules/cjs/loader.js:1177:10)
2020-04-24T11:37:17.989Z [error]: main - uncaughtException: Unexpected token '=='
C:\Users\Sebas\Desktop\Licencjat\Server\middleware\role.js:4
    if( == 0) return res.status(403).send('Access denied.');
        ^^

SyntaxError: Unexpected token '=='
    at wrapSafe (internal/modules/cjs/loader.js:1071:16)
    at Module._compile (internal/modules/cjs/loader.js:1121:27)
    at Object.Module._extensions..js (internal/modules/cjs/loader.js:1177:10)
    at Module.load (internal/modules/cjs/loader.js:1001:32)
    at Function.Module._load (internal/modules/cjs/loader.js:900:14)
    at Module.require (internal/modules/cjs/loader.js:1043:19)
    at require (internal/modules/cjs/helpers.js:77:18)
    at Object.<anonymous> (C:\Users\Sebas\Desktop\Licencjat\Server\routes\index.js:4:14)
    at Module._compile (internal/modules/cjs/loader.js:1157:30)
    at Object.Module._extensions..js (internal/modules/cjs/loader.js:1177:10)
2020-04-24T11:37:52.184Z [error]: main - uncaughtException: Unexpected token '=='
C:\Users\Sebas\Desktop\Licencjat\Server\middleware\role.js:4
    if( == 0) return res.status(403).send('Access denied.');
        ^^

SyntaxError: Unexpected token '=='
    at wrapSafe (internal/modules/cjs/loader.js:1071:16)
    at Module._compile (internal/modules/cjs/loader.js:1121:27)
    at Object.Module._extensions..js (internal/modules/cjs/loader.js:1177:10)
    at Module.load (internal/modules/cjs/loader.js:1001:32)
    at Function.Module._load (internal/modules/cjs/loader.js:900:14)
    at Module.require (internal/modules/cjs/loader.js:1043:19)
    at require (internal/modules/cjs/helpers.js:77:18)
    at Object.<anonymous> (C:\Users\Sebas\Desktop\Licencjat\Server\routes\index.js:4:14)
    at Module._compile (internal/modules/cjs/loader.js:1157:30)
    at Object.Module._extensions..js (internal/modules/cjs/loader.js:1177:10)
2020-04-24T11:38:05.690Z [error]: main - uncaughtException: Unexpected token '=='
C:\Users\Sebas\Desktop\Licencjat\Server\middleware\role.js:4
    if( == 0) return res.status(403).send('Access denied.');
        ^^

SyntaxError: Unexpected token '=='
    at wrapSafe (internal/modules/cjs/loader.js:1071:16)
    at Module._compile (internal/modules/cjs/loader.js:1121:27)
    at Object.Module._extensions..js (internal/modules/cjs/loader.js:1177:10)
    at Module.load (internal/modules/cjs/loader.js:1001:32)
    at Function.Module._load (internal/modules/cjs/loader.js:900:14)
    at Module.require (internal/modules/cjs/loader.js:1043:19)
    at require (internal/modules/cjs/helpers.js:77:18)
    at Object.<anonymous> (C:\Users\Sebas\Desktop\Licencjat\Server\routes\index.js:4:14)
    at Module._compile (internal/modules/cjs/loader.js:1157:30)
    at Object.Module._extensions..js (internal/modules/cjs/loader.js:1177:10)
2020-05-01T17:04:56.639Z [error]: main - uncaughtException: Unexpected identifier
C:\Users\Sebas\Desktop\Licencjat\Server\controllers\vehicle.js:76
                include : [ SemiTrailer as 'semiTrailer']
                                        ^^

SyntaxError: Unexpected identifier
    at wrapSafe (internal/modules/cjs/loader.js:1071:16)
    at Module._compile (internal/modules/cjs/loader.js:1121:27)
    at Object.Module._extensions..js (internal/modules/cjs/loader.js:1177:10)
    at Module.load (internal/modules/cjs/loader.js:1001:32)
    at Function.Module._load (internal/modules/cjs/loader.js:900:14)
    at Module.require (internal/modules/cjs/loader.js:1043:19)
    at require (internal/modules/cjs/helpers.js:77:18)
    at Object.<anonymous> (C:\Users\Sebas\Desktop\Licencjat\Server\controllers\index.js:4:17)
    at Module._compile (internal/modules/cjs/loader.js:1157:30)
    at Object.Module._extensions..js (internal/modules/cjs/loader.js:1177:10)
    at Module.load (internal/modules/cjs/loader.js:1001:32)
    at Function.Module._load (internal/modules/cjs/loader.js:900:14)
    at Module.require (internal/modules/cjs/loader.js:1043:19)
    at require (internal/modules/cjs/helpers.js:77:18)
    at Object.<anonymous> (C:\Users\Sebas\Desktop\Licencjat\Server\routes\index.js:5:25)
    at Module._compile (internal/modules/cjs/loader.js:1157:30)
    at Object.Module._extensions..js (internal/modules/cjs/loader.js:1177:10)
    at Module.load (internal/modules/cjs/loader.js:1001:32)
    at Function.Module._load (internal/modules/cjs/loader.js:900:14)
    at Module.require (internal/modules/cjs/loader.js:1043:19)
    at require (internal/modules/cjs/helpers.js:77:18)
    at Object.<anonymous> (C:\Users\Sebas\Desktop\Licencjat\Server\app.js:12:21)
2020-05-01T17:25:03.097Z [error]: main - uncaughtException: Unexpected token '}'
C:\Users\Sebas\Desktop\Licencjat\Server\controllers\vehicle.js:75
            }, {
            ^

SyntaxError: Unexpected token '}'
    at wrapSafe (internal/modules/cjs/loader.js:1071:16)
    at Module._compile (internal/modules/cjs/loader.js:1121:27)
    at Object.Module._extensions..js (internal/modules/cjs/loader.js:1177:10)
    at Module.load (internal/modules/cjs/loader.js:1001:32)
    at Function.Module._load (internal/modules/cjs/loader.js:900:14)
    at Module.require (internal/modules/cjs/loader.js:1043:19)
    at require (internal/modules/cjs/helpers.js:77:18)
    at Object.<anonymous> (C:\Users\Sebas\Desktop\Licencjat\Server\controllers\index.js:4:17)
    at Module._compile (internal/modules/cjs/loader.js:1157:30)
    at Object.Module._extensions..js (internal/modules/cjs/loader.js:1177:10)
    at Module.load (internal/modules/cjs/loader.js:1001:32)
    at Function.Module._load (internal/modules/cjs/loader.js:900:14)
    at Module.require (internal/modules/cjs/loader.js:1043:19)
    at require (internal/modules/cjs/helpers.js:77:18)
    at Object.<anonymous> (C:\Users\Sebas\Desktop\Licencjat\Server\routes\index.js:5:25)
    at Module._compile (internal/modules/cjs/loader.js:1157:30)
    at Object.Module._extensions..js (internal/modules/cjs/loader.js:1177:10)
    at Module.load (internal/modules/cjs/loader.js:1001:32)
    at Function.Module._load (internal/modules/cjs/loader.js:900:14)
    at Module.require (internal/modules/cjs/loader.js:1043:19)
    at require (internal/modules/cjs/helpers.js:77:18)
    at Object.<anonymous> (C:\Users\Sebas\Desktop\Licencjat\Server\app.js:12:21)
2020-05-01T17:47:08.478Z [error]: main - uncaughtException: Unexpected token '}'
C:\Users\Sebas\Desktop\Licencjat\Server\controllers\vehicle.js:76
            }, {
            ^

SyntaxError: Unexpected token '}'
    at wrapSafe (internal/modules/cjs/loader.js:1071:16)
    at Module._compile (internal/modules/cjs/loader.js:1121:27)
    at Object.Module._extensions..js (internal/modules/cjs/loader.js:1177:10)
    at Module.load (internal/modules/cjs/loader.js:1001:32)
    at Function.Module._load (internal/modules/cjs/loader.js:900:14)
    at Module.require (internal/modules/cjs/loader.js:1043:19)
    at require (internal/modules/cjs/helpers.js:77:18)
    at Object.<anonymous> (C:\Users\Sebas\Desktop\Licencjat\Server\controllers\index.js:4:17)
    at Module._compile (internal/modules/cjs/loader.js:1157:30)
    at Object.Module._extensions..js (internal/modules/cjs/loader.js:1177:10)
    at Module.load (internal/modules/cjs/loader.js:1001:32)
    at Function.Module._load (internal/modules/cjs/loader.js:900:14)
    at Module.require (internal/modules/cjs/loader.js:1043:19)
    at require (internal/modules/cjs/helpers.js:77:18)
    at Object.<anonymous> (C:\Users\Sebas\Desktop\Licencjat\Server\routes\index.js:5:25)
    at Module._compile (internal/modules/cjs/loader.js:1157:30)
    at Object.Module._extensions..js (internal/modules/cjs/loader.js:1177:10)
    at Module.load (internal/modules/cjs/loader.js:1001:32)
    at Function.Module._load (internal/modules/cjs/loader.js:900:14)
    at Module.require (internal/modules/cjs/loader.js:1043:19)
    at require (internal/modules/cjs/helpers.js:77:18)
    at Object.<anonymous> (C:\Users\Sebas\Desktop\Licencjat\Server\app.js:12:21)
2020-05-01T18:07:17.782Z [error]: main - uncaughtException: Unexpected token '}'
C:\Users\Sebas\Desktop\Licencjat\Server\controllers\vehicle.js:76
            }, {
            ^

SyntaxError: Unexpected token '}'
    at wrapSafe (internal/modules/cjs/loader.js:1071:16)
    at Module._compile (internal/modules/cjs/loader.js:1121:27)
    at Object.Module._extensions..js (internal/modules/cjs/loader.js:1177:10)
    at Module.load (internal/modules/cjs/loader.js:1001:32)
    at Function.Module._load (internal/modules/cjs/loader.js:900:14)
    at Module.require (internal/modules/cjs/loader.js:1043:19)
    at require (internal/modules/cjs/helpers.js:77:18)
    at Object.<anonymous> (C:\Users\Sebas\Desktop\Licencjat\Server\controllers\index.js:4:17)
    at Module._compile (internal/modules/cjs/loader.js:1157:30)
    at Object.Module._extensions..js (internal/modules/cjs/loader.js:1177:10)
    at Module.load (internal/modules/cjs/loader.js:1001:32)
    at Function.Module._load (internal/modules/cjs/loader.js:900:14)
    at Module.require (internal/modules/cjs/loader.js:1043:19)
    at require (internal/modules/cjs/helpers.js:77:18)
    at Object.<anonymous> (C:\Users\Sebas\Desktop\Licencjat\Server\routes\index.js:5:25)
    at Module._compile (internal/modules/cjs/loader.js:1157:30)
    at Object.Module._extensions..js (internal/modules/cjs/loader.js:1177:10)
    at Module.load (internal/modules/cjs/loader.js:1001:32)
    at Function.Module._load (internal/modules/cjs/loader.js:900:14)
    at Module.require (internal/modules/cjs/loader.js:1043:19)
    at require (internal/modules/cjs/helpers.js:77:18)
    at Object.<anonymous> (C:\Users\Sebas\Desktop\Licencjat\Server\app.js:12:21)
2020-05-01T18:07:23.890Z [error]: main - uncaughtException: Unexpected token ','
C:\Users\Sebas\Desktop\Licencjat\Server\controllers\vehicle.js:75
                semiTrailer:,
                            ^

SyntaxError: Unexpected token ','
    at wrapSafe (internal/modules/cjs/loader.js:1071:16)
    at Module._compile (internal/modules/cjs/loader.js:1121:27)
    at Object.Module._extensions..js (internal/modules/cjs/loader.js:1177:10)
    at Module.load (internal/modules/cjs/loader.js:1001:32)
    at Function.Module._load (internal/modules/cjs/loader.js:900:14)
    at Module.require (internal/modules/cjs/loader.js:1043:19)
    at require (internal/modules/cjs/helpers.js:77:18)
    at Object.<anonymous> (C:\Users\Sebas\Desktop\Licencjat\Server\controllers\index.js:4:17)
    at Module._compile (internal/modules/cjs/loader.js:1157:30)
    at Object.Module._extensions..js (internal/modules/cjs/loader.js:1177:10)
    at Module.load (internal/modules/cjs/loader.js:1001:32)
    at Function.Module._load (internal/modules/cjs/loader.js:900:14)
    at Module.require (internal/modules/cjs/loader.js:1043:19)
    at require (internal/modules/cjs/helpers.js:77:18)
    at Object.<anonymous> (C:\Users\Sebas\Desktop\Licencjat\Server\routes\index.js:5:25)
    at Module._compile (internal/modules/cjs/loader.js:1157:30)
    at Object.Module._extensions..js (internal/modules/cjs/loader.js:1177:10)
    at Module.load (internal/modules/cjs/loader.js:1001:32)
    at Function.Module._load (internal/modules/cjs/loader.js:900:14)
    at Module.require (internal/modules/cjs/loader.js:1043:19)
    at require (internal/modules/cjs/helpers.js:77:18)
    at Object.<anonymous> (C:\Users\Sebas\Desktop\Licencjat\Server\app.js:12:21)
2020-05-02T09:18:18.291Z [error]: main - uncaughtException: Unexpected identifier
C:\Users\Sebas\Desktop\Licencjat\Server\models\vehicle.js:17
        allowNull:false
        ^^^^^^^^^

SyntaxError: Unexpected identifier
    at wrapSafe (internal/modules/cjs/loader.js:1071:16)
    at Module._compile (internal/modules/cjs/loader.js:1121:27)
    at Object.Module._extensions..js (internal/modules/cjs/loader.js:1177:10)
    at Module.load (internal/modules/cjs/loader.js:1001:32)
    at Function.Module._load (internal/modules/cjs/loader.js:900:14)
    at Module.require (internal/modules/cjs/loader.js:1043:19)
    at require (internal/modules/cjs/helpers.js:77:18)
    at Sequelize.import (C:\Users\Sebas\Desktop\Licencjat\Server\node_modules\sequelize\lib\sequelize.js:481:62)
    at C:\Users\Sebas\Desktop\Licencjat\Server\models\index.js:24:38
    at Array.forEach (<anonymous>)
    at Object.<anonymous> (C:\Users\Sebas\Desktop\Licencjat\Server\models\index.js:23:4)
    at Module._compile (internal/modules/cjs/loader.js:1157:30)
    at Object.Module._extensions..js (internal/modules/cjs/loader.js:1177:10)
    at Module.load (internal/modules/cjs/loader.js:1001:32)
    at Function.Module._load (internal/modules/cjs/loader.js:900:14)
    at Module.require (internal/modules/cjs/loader.js:1043:19)
    at require (internal/modules/cjs/helpers.js:77:18)
    at Object.<anonymous> (C:\Users\Sebas\Desktop\Licencjat\Server\controllers\order.js:1:16)
    at Module._compile (internal/modules/cjs/loader.js:1157:30)
    at Object.Module._extensions..js (internal/modules/cjs/loader.js:1177:10)
    at Module.load (internal/modules/cjs/loader.js:1001:32)
    at Function.Module._load (internal/modules/cjs/loader.js:900:14)
2020-05-02T10:22:04.611Z [error]: main - uncaughtException: Unknown attribute "semiTrailerId" passed as targetKey, define this attribute on model "SemiTrailer" first
Error: Unknown attribute "semiTrailerId" passed as targetKey, define this attribute on model "SemiTrailer" first
    at new BelongsTo (C:\Users\Sebas\Desktop\Licencjat\Server\node_modules\sequelize\lib\associations\belongs-to.js:59:13)
    at Function.<anonymous> (C:\Users\Sebas\Desktop\Licencjat\Server\node_modules\sequelize\lib\associations\mixin.js:105:25)
    at Function.Vehicle.associate (C:\Users\Sebas\Desktop\Licencjat\Server\models\vehicle.js:13:13)
    at C:\Users\Sebas\Desktop\Licencjat\Server\models\index.js:30:19
    at Array.forEach (<anonymous>)
    at Object.<anonymous> (C:\Users\Sebas\Desktop\Licencjat\Server\models\index.js:28:17)
    at Module._compile (internal/modules/cjs/loader.js:1157:30)
    at Object.Module._extensions..js (internal/modules/cjs/loader.js:1177:10)
    at Module.load (internal/modules/cjs/loader.js:1001:32)
    at Function.Module._load (internal/modules/cjs/loader.js:900:14)
    at Module.require (internal/modules/cjs/loader.js:1043:19)
    at require (internal/modules/cjs/helpers.js:77:18)
    at Object.<anonymous> (C:\Users\Sebas\Desktop\Licencjat\Server\controllers\order.js:1:16)
    at Module._compile (internal/modules/cjs/loader.js:1157:30)
    at Object.Module._extensions..js (internal/modules/cjs/loader.js:1177:10)
    at Module.load (internal/modules/cjs/loader.js:1001:32)
    at Function.Module._load (internal/modules/cjs/loader.js:900:14)
    at Module.require (internal/modules/cjs/loader.js:1043:19)
    at require (internal/modules/cjs/helpers.js:77:18)
    at Object.<anonymous> (C:\Users\Sebas\Desktop\Licencjat\Server\controllers\index.js:1:15)
    at Module._compile (internal/modules/cjs/loader.js:1157:30)
    at Object.Module._extensions..js (internal/modules/cjs/loader.js:1177:10)
2020-05-02T10:22:40.029Z [error]: main - uncaughtException: Unknown attribute "semiTrailerId" passed as targetKey, define this attribute on model "SemiTrailer" first
Error: Unknown attribute "semiTrailerId" passed as targetKey, define this attribute on model "SemiTrailer" first
    at new BelongsTo (C:\Users\Sebas\Desktop\Licencjat\Server\node_modules\sequelize\lib\associations\belongs-to.js:59:13)
    at Function.<anonymous> (C:\Users\Sebas\Desktop\Licencjat\Server\node_modules\sequelize\lib\associations\mixin.js:105:25)
    at Function.Vehicle.associate (C:\Users\Sebas\Desktop\Licencjat\Server\models\vehicle.js:13:13)
    at C:\Users\Sebas\Desktop\Licencjat\Server\models\index.js:30:19
    at Array.forEach (<anonymous>)
    at Object.<anonymous> (C:\Users\Sebas\Desktop\Licencjat\Server\models\index.js:28:17)
    at Module._compile (internal/modules/cjs/loader.js:1157:30)
    at Object.Module._extensions..js (internal/modules/cjs/loader.js:1177:10)
    at Module.load (internal/modules/cjs/loader.js:1001:32)
    at Function.Module._load (internal/modules/cjs/loader.js:900:14)
    at Module.require (internal/modules/cjs/loader.js:1043:19)
    at require (internal/modules/cjs/helpers.js:77:18)
    at Object.<anonymous> (C:\Users\Sebas\Desktop\Licencjat\Server\controllers\order.js:1:16)
    at Module._compile (internal/modules/cjs/loader.js:1157:30)
    at Object.Module._extensions..js (internal/modules/cjs/loader.js:1177:10)
    at Module.load (internal/modules/cjs/loader.js:1001:32)
    at Function.Module._load (internal/modules/cjs/loader.js:900:14)
    at Module.require (internal/modules/cjs/loader.js:1043:19)
    at require (internal/modules/cjs/helpers.js:77:18)
    at Object.<anonymous> (C:\Users\Sebas\Desktop\Licencjat\Server\controllers\index.js:1:15)
    at Module._compile (internal/modules/cjs/loader.js:1157:30)
    at Object.Module._extensions..js (internal/modules/cjs/loader.js:1177:10)
2020-05-06T20:09:15.338Z [error]: main - uncaughtException: app is not defined
ReferenceError: app is not defined
    at Object.<anonymous> (C:\Users\Sebas\Desktop\Licencjat\Server\routes\index.js:30:1)
    at Module._compile (internal/modules/cjs/loader.js:1157:30)
    at Object.Module._extensions..js (internal/modules/cjs/loader.js:1177:10)
    at Module.load (internal/modules/cjs/loader.js:1001:32)
    at Function.Module._load (internal/modules/cjs/loader.js:900:14)
    at Module.require (internal/modules/cjs/loader.js:1043:19)
    at require (internal/modules/cjs/helpers.js:77:18)
    at Object.<anonymous> (C:\Users\Sebas\Desktop\Licencjat\Server\app.js:12:21)
    at Module._compile (internal/modules/cjs/loader.js:1157:30)
    at Object.Module._extensions..js (internal/modules/cjs/loader.js:1177:10)
    at Module.load (internal/modules/cjs/loader.js:1001:32)
    at Function.Module._load (internal/modules/cjs/loader.js:900:14)
    at Function.executeUserEntryPoint [as runMain] (internal/modules/run_main.js:74:12)
    at internal/main/run_main_module.js:18:47
2020-05-06T20:09:39.579Z [error]: main - uncaughtException: corsOptions is not defined
ReferenceError: corsOptions is not defined
    at Object.<anonymous> (C:\Users\Sebas\Desktop\Licencjat\Server\app.js:17:23)
    at Module._compile (internal/modules/cjs/loader.js:1157:30)
    at Object.Module._extensions..js (internal/modules/cjs/loader.js:1177:10)
    at Module.load (internal/modules/cjs/loader.js:1001:32)
    at Function.Module._load (internal/modules/cjs/loader.js:900:14)
    at Function.executeUserEntryPoint [as runMain] (internal/modules/run_main.js:74:12)
    at internal/main/run_main_module.js:18:47
2020-05-07T23:34:11.741Z [error]: main - uncaughtException: Cannot read property 'headers' of undefined
TypeError: Cannot read property 'headers' of undefined
    at C:\Users\Sebas\Desktop\Licencjat\Server\node_modules\cors\lib\index.js:219:32
    at optionsCallback (C:\Users\Sebas\Desktop\Licencjat\Server\node_modules\cors\lib\index.js:199:9)
    at corsMiddleware (C:\Users\Sebas\Desktop\Licencjat\Server\node_modules\cors\lib\index.js:204:7)
    at Object.<anonymous> (C:\Users\Sebas\Desktop\Licencjat\Server\app.js:45:9)
    at Module._compile (internal/modules/cjs/loader.js:1157:30)
    at Object.Module._extensions..js (internal/modules/cjs/loader.js:1177:10)
    at Module.load (internal/modules/cjs/loader.js:1001:32)
    at Function.Module._load (internal/modules/cjs/loader.js:900:14)
    at Function.executeUserEntryPoint [as runMain] (internal/modules/run_main.js:74:12)
    at internal/main/run_main_module.js:18:47
2020-05-22T23:34:17.732Z [error]: main - uncaughtException: Cannot parse config file: 'C:\Users\Sebas\Desktop\Licencjat\Server\config\custom-environment-variables.json': SyntaxError: Unexpected token l in JSON at position 39
Error: Cannot parse config file: 'C:\Users\Sebas\Desktop\Licencjat\Server\config\custom-environment-variables.json': SyntaxError: Unexpected token l in JSON at position 39
    at Config.util.parseFile (C:\Users\Sebas\Desktop\Licencjat\Server\node_modules\config\lib\config.js:794:11)
    at C:\Users\Sebas\Desktop\Licencjat\Server\node_modules\config\lib\config.js:1083:26
    at Array.forEach (<anonymous>)
    at Config.util.getCustomEnvVars (C:\Users\Sebas\Desktop\Licencjat\Server\node_modules\config\lib\config.js:1082:16)
    at Config.util.loadFileConfigs (C:\Users\Sebas\Desktop\Licencjat\Server\node_modules\config\lib\config.js:644:28)
    at new Config (C:\Users\Sebas\Desktop\Licencjat\Server\node_modules\config\lib\config.js:116:27)
    at Object.<anonymous> (C:\Users\Sebas\Desktop\Licencjat\Server\node_modules\config\lib\config.js:1441:31)
    at Module._compile (internal/modules/cjs/loader.js:1157:30)
    at Object.Module._extensions..js (internal/modules/cjs/loader.js:1177:10)
    at Module.load (internal/modules/cjs/loader.js:1001:32)
2020-05-22T23:34:33.599Z [error]: main - uncaughtException: Cannot parse config file: 'C:\Users\Sebas\Desktop\Licencjat\Server\config\custom-environment-variables.json': SyntaxError: Unexpected token l in JSON at position 39
Error: Cannot parse config file: 'C:\Users\Sebas\Desktop\Licencjat\Server\config\custom-environment-variables.json': SyntaxError: Unexpected token l in JSON at position 39
    at Config.util.parseFile (C:\Users\Sebas\Desktop\Licencjat\Server\node_modules\config\lib\config.js:794:11)
    at C:\Users\Sebas\Desktop\Licencjat\Server\node_modules\config\lib\config.js:1083:26
    at Array.forEach (<anonymous>)
    at Config.util.getCustomEnvVars (C:\Users\Sebas\Desktop\Licencjat\Server\node_modules\config\lib\config.js:1082:16)
    at Config.util.loadFileConfigs (C:\Users\Sebas\Desktop\Licencjat\Server\node_modules\config\lib\config.js:644:28)
    at new Config (C:\Users\Sebas\Desktop\Licencjat\Server\node_modules\config\lib\config.js:116:27)
    at Object.<anonymous> (C:\Users\Sebas\Desktop\Licencjat\Server\node_modules\config\lib\config.js:1441:31)
    at Module._compile (internal/modules/cjs/loader.js:1157:30)
    at Object.Module._extensions..js (internal/modules/cjs/loader.js:1177:10)
    at Module.load (internal/modules/cjs/loader.js:1001:32)
2020-05-22T23:34:38.696Z [error]: main - uncaughtException: Cannot parse config file: 'C:\Users\Sebas\Desktop\Licencjat\Server\config\custom-environment-variables.json': SyntaxError: Unexpected token l in JSON at position 36
Error: Cannot parse config file: 'C:\Users\Sebas\Desktop\Licencjat\Server\config\custom-environment-variables.json': SyntaxError: Unexpected token l in JSON at position 36
    at Config.util.parseFile (C:\Users\Sebas\Desktop\Licencjat\Server\node_modules\config\lib\config.js:794:11)
    at C:\Users\Sebas\Desktop\Licencjat\Server\node_modules\config\lib\config.js:1083:26
    at Array.forEach (<anonymous>)
    at Config.util.getCustomEnvVars (C:\Users\Sebas\Desktop\Licencjat\Server\node_modules\config\lib\config.js:1082:16)
    at Config.util.loadFileConfigs (C:\Users\Sebas\Desktop\Licencjat\Server\node_modules\config\lib\config.js:644:28)
    at new Config (C:\Users\Sebas\Desktop\Licencjat\Server\node_modules\config\lib\config.js:116:27)
    at Object.<anonymous> (C:\Users\Sebas\Desktop\Licencjat\Server\node_modules\config\lib\config.js:1441:31)
    at Module._compile (internal/modules/cjs/loader.js:1157:30)
    at Object.Module._extensions..js (internal/modules/cjs/loader.js:1177:10)
    at Module.load (internal/modules/cjs/loader.js:1001:32)
2020-05-22T23:34:52.070Z [error]: main - uncaughtException: Cannot parse config file: 'C:\Users\Sebas\Desktop\Licencjat\Server\config\custom-environment-variables.json': SyntaxError: Unexpected token l in JSON at position 36
Error: Cannot parse config file: 'C:\Users\Sebas\Desktop\Licencjat\Server\config\custom-environment-variables.json': SyntaxError: Unexpected token l in JSON at position 36
    at Config.util.parseFile (C:\Users\Sebas\Desktop\Licencjat\Server\node_modules\config\lib\config.js:794:11)
    at C:\Users\Sebas\Desktop\Licencjat\Server\node_modules\config\lib\config.js:1083:26
    at Array.forEach (<anonymous>)
    at Config.util.getCustomEnvVars (C:\Users\Sebas\Desktop\Licencjat\Server\node_modules\config\lib\config.js:1082:16)
    at Config.util.loadFileConfigs (C:\Users\Sebas\Desktop\Licencjat\Server\node_modules\config\lib\config.js:644:28)
    at new Config (C:\Users\Sebas\Desktop\Licencjat\Server\node_modules\config\lib\config.js:116:27)
    at Object.<anonymous> (C:\Users\Sebas\Desktop\Licencjat\Server\node_modules\config\lib\config.js:1441:31)
    at Module._compile (internal/modules/cjs/loader.js:1157:30)
    at Object.Module._extensions..js (internal/modules/cjs/loader.js:1177:10)
    at Module.load (internal/modules/cjs/loader.js:1001:32)
2020-05-24T15:29:48.295Z [error]: main - uncaughtException: Cannot read property 'enable' of undefined
TypeError: Cannot read property 'enable' of undefined
    at Object.<anonymous> (C:\Users\Sebas\Desktop\Licencjat\Server\app.js:16:5)
    at Module._compile (internal/modules/cjs/loader.js:1157:30)
    at Object.Module._extensions..js (internal/modules/cjs/loader.js:1177:10)
    at Module.load (internal/modules/cjs/loader.js:1001:32)
    at Function.Module._load (internal/modules/cjs/loader.js:900:14)
    at Function.executeUserEntryPoint [as runMain] (internal/modules/run_main.js:74:12)
    at internal/main/run_main_module.js:18:47
2020-05-24T18:50:30.698Z [error]: main - uncaughtException: Unexpected token ':'
C:\Users\Sebas\Desktop\Licencjat\Server\controllers\order.js:57
                model: Vehicle,
                     ^

SyntaxError: Unexpected token ':'
    at wrapSafe (internal/modules/cjs/loader.js:1071:16)
    at Module._compile (internal/modules/cjs/loader.js:1121:27)
    at Object.Module._extensions..js (internal/modules/cjs/loader.js:1177:10)
    at Module.load (internal/modules/cjs/loader.js:1001:32)
    at Function.Module._load (internal/modules/cjs/loader.js:900:14)
    at Module.require (internal/modules/cjs/loader.js:1043:19)
    at require (internal/modules/cjs/helpers.js:77:18)
    at Object.<anonymous> (C:\Users\Sebas\Desktop\Licencjat\Server\controllers\index.js:1:15)
    at Module._compile (internal/modules/cjs/loader.js:1157:30)
    at Object.Module._extensions..js (internal/modules/cjs/loader.js:1177:10)
2020-06-01T09:52:26.457Z [error]: main - uncaughtException: Unexpected token '}'
C:\Users\Sebas\Desktop\Licencjat\Server\middleware\auth.js:9
}
^

SyntaxError: Unexpected token '}'
    at wrapSafe (internal/modules/cjs/loader.js:1071:16)
    at Module._compile (internal/modules/cjs/loader.js:1121:27)
    at Object.Module._extensions..js (internal/modules/cjs/loader.js:1177:10)
    at Module.load (internal/modules/cjs/loader.js:1001:32)
    at Function.Module._load (internal/modules/cjs/loader.js:900:14)
    at Module.require (internal/modules/cjs/loader.js:1043:19)
    at require (internal/modules/cjs/helpers.js:77:18)
    at Object.<anonymous> (C:\Users\Sebas\Desktop\Licencjat\Server\routes\index.js:3:14)
    at Module._compile (internal/modules/cjs/loader.js:1157:30)
    at Object.Module._extensions..js (internal/modules/cjs/loader.js:1177:10)
2020-06-01T09:52:54.040Z [error]: main - uncaughtException: Unexpected token '}'
C:\Users\Sebas\Desktop\Licencjat\Server\middleware\auth.js:9
}
^

SyntaxError: Unexpected token '}'
    at wrapSafe (internal/modules/cjs/loader.js:1071:16)
    at Module._compile (internal/modules/cjs/loader.js:1121:27)
    at Object.Module._extensions..js (internal/modules/cjs/loader.js:1177:10)
    at Module.load (internal/modules/cjs/loader.js:1001:32)
    at Function.Module._load (internal/modules/cjs/loader.js:900:14)
    at Module.require (internal/modules/cjs/loader.js:1043:19)
    at require (internal/modules/cjs/helpers.js:77:18)
    at Object.<anonymous> (C:\Users\Sebas\Desktop\Licencjat\Server\routes\index.js:3:14)
    at Module._compile (internal/modules/cjs/loader.js:1157:30)
    at Object.Module._extensions..js (internal/modules/cjs/loader.js:1177:10)
2020-06-01T10:01:26.976Z [error]: main - uncaughtException: opts is not defined
ReferenceError: opts is not defined
    at Object.<anonymous> (C:\Users\Sebas\Desktop\Licencjat\Server\middleware\auth.js:12:34)
    at Module._compile (internal/modules/cjs/loader.js:1157:30)
    at Object.Module._extensions..js (internal/modules/cjs/loader.js:1177:10)
    at Module.load (internal/modules/cjs/loader.js:1001:32)
    at Function.Module._load (internal/modules/cjs/loader.js:900:14)
    at Module.require (internal/modules/cjs/loader.js:1043:19)
    at require (internal/modules/cjs/helpers.js:77:18)
    at Object.<anonymous> (C:\Users\Sebas\Desktop\Licencjat\Server\routes\index.js:3:14)
    at Module._compile (internal/modules/cjs/loader.js:1157:30)
    at Object.Module._extensions..js (internal/modules/cjs/loader.js:1177:10)
    at Module.load (internal/modules/cjs/loader.js:1001:32)
    at Function.Module._load (internal/modules/cjs/loader.js:900:14)
    at Module.require (internal/modules/cjs/loader.js:1043:19)
    at require (internal/modules/cjs/helpers.js:77:18)
    at Object.<anonymous> (C:\Users\Sebas\Desktop\Licencjat\Server\app.js:12:21)
    at Module._compile (internal/modules/cjs/loader.js:1157:30)
    at Object.Module._extensions..js (internal/modules/cjs/loader.js:1177:10)
    at Module.load (internal/modules/cjs/loader.js:1001:32)
    at Function.Module._load (internal/modules/cjs/loader.js:900:14)
    at Function.executeUserEntryPoint [as runMain] (internal/modules/run_main.js:74:12)
    at internal/main/run_main_module.js:18:47
2020-06-01T10:08:28.529Z [error]: main - uncaughtException: opts is not defined
ReferenceError: opts is not defined
    at Object.<anonymous> (C:\Users\Sebas\Desktop\Licencjat\Server\middleware\auth.js:12:34)
    at Module._compile (internal/modules/cjs/loader.js:1157:30)
    at Object.Module._extensions..js (internal/modules/cjs/loader.js:1177:10)
    at Module.load (internal/modules/cjs/loader.js:1001:32)
    at Function.Module._load (internal/modules/cjs/loader.js:900:14)
    at Module.require (internal/modules/cjs/loader.js:1043:19)
    at require (internal/modules/cjs/helpers.js:77:18)
    at Object.<anonymous> (C:\Users\Sebas\Desktop\Licencjat\Server\routes\index.js:3:14)
    at Module._compile (internal/modules/cjs/loader.js:1157:30)
    at Object.Module._extensions..js (internal/modules/cjs/loader.js:1177:10)
    at Module.load (internal/modules/cjs/loader.js:1001:32)
    at Function.Module._load (internal/modules/cjs/loader.js:900:14)
    at Module.require (internal/modules/cjs/loader.js:1043:19)
    at require (internal/modules/cjs/helpers.js:77:18)
    at Object.<anonymous> (C:\Users\Sebas\Desktop\Licencjat\Server\app.js:12:21)
    at Module._compile (internal/modules/cjs/loader.js:1157:30)
    at Object.Module._extensions..js (internal/modules/cjs/loader.js:1177:10)
    at Module.load (internal/modules/cjs/loader.js:1001:32)
    at Function.Module._load (internal/modules/cjs/loader.js:900:14)
    at Function.executeUserEntryPoint [as runMain] (internal/modules/run_main.js:74:12)
    at internal/main/run_main_module.js:18:47
2020-06-01T10:09:56.612Z [error]: main - uncaughtException: opts is not defined
ReferenceError: opts is not defined
    at Object.<anonymous> (C:\Users\Sebas\Desktop\Licencjat\Server\middleware\auth.js:12:34)
    at Module._compile (internal/modules/cjs/loader.js:1157:30)
    at Object.Module._extensions..js (internal/modules/cjs/loader.js:1177:10)
    at Module.load (internal/modules/cjs/loader.js:1001:32)
    at Function.Module._load (internal/modules/cjs/loader.js:900:14)
    at Module.require (internal/modules/cjs/loader.js:1043:19)
    at require (internal/modules/cjs/helpers.js:77:18)
    at Object.<anonymous> (C:\Users\Sebas\Desktop\Licencjat\Server\routes\index.js:3:14)
    at Module._compile (internal/modules/cjs/loader.js:1157:30)
    at Object.Module._extensions..js (internal/modules/cjs/loader.js:1177:10)
    at Module.load (internal/modules/cjs/loader.js:1001:32)
    at Function.Module._load (internal/modules/cjs/loader.js:900:14)
    at Module.require (internal/modules/cjs/loader.js:1043:19)
    at require (internal/modules/cjs/helpers.js:77:18)
    at Object.<anonymous> (C:\Users\Sebas\Desktop\Licencjat\Server\app.js:12:21)
    at Module._compile (internal/modules/cjs/loader.js:1157:30)
    at Object.Module._extensions..js (internal/modules/cjs/loader.js:1177:10)
    at Module.load (internal/modules/cjs/loader.js:1001:32)
    at Function.Module._load (internal/modules/cjs/loader.js:900:14)
    at Function.executeUserEntryPoint [as runMain] (internal/modules/run_main.js:74:12)
    at internal/main/run_main_module.js:18:47
2020-06-01T10:12:03.380Z [error]: main - uncaughtException: opts is not defined
ReferenceError: opts is not defined
    at Object.<anonymous> (C:\Users\Sebas\Desktop\Licencjat\Server\middleware\auth.js:12:34)
    at Module._compile (internal/modules/cjs/loader.js:1157:30)
    at Object.Module._extensions..js (internal/modules/cjs/loader.js:1177:10)
    at Module.load (internal/modules/cjs/loader.js:1001:32)
    at Function.Module._load (internal/modules/cjs/loader.js:900:14)
    at Module.require (internal/modules/cjs/loader.js:1043:19)
    at require (internal/modules/cjs/helpers.js:77:18)
    at Object.<anonymous> (C:\Users\Sebas\Desktop\Licencjat\Server\routes\index.js:3:14)
    at Module._compile (internal/modules/cjs/loader.js:1157:30)
    at Object.Module._extensions..js (internal/modules/cjs/loader.js:1177:10)
    at Module.load (internal/modules/cjs/loader.js:1001:32)
    at Function.Module._load (internal/modules/cjs/loader.js:900:14)
    at Module.require (internal/modules/cjs/loader.js:1043:19)
    at require (internal/modules/cjs/helpers.js:77:18)
    at Object.<anonymous> (C:\Users\Sebas\Desktop\Licencjat\Server\app.js:12:21)
    at Module._compile (internal/modules/cjs/loader.js:1157:30)
    at Object.Module._extensions..js (internal/modules/cjs/loader.js:1177:10)
    at Module.load (internal/modules/cjs/loader.js:1001:32)
    at Function.Module._load (internal/modules/cjs/loader.js:900:14)
    at Function.executeUserEntryPoint [as runMain] (internal/modules/run_main.js:74:12)
    at internal/main/run_main_module.js:18:47
2020-06-01T10:14:08.558Z [error]: main - uncaughtException: opts is not defined
ReferenceError: opts is not defined
    at Object.<anonymous> (C:\Users\Sebas\Desktop\Licencjat\Server\middleware\auth.js:12:34)
    at Module._compile (internal/modules/cjs/loader.js:1157:30)
    at Object.Module._extensions..js (internal/modules/cjs/loader.js:1177:10)
    at Module.load (internal/modules/cjs/loader.js:1001:32)
    at Function.Module._load (internal/modules/cjs/loader.js:900:14)
    at Module.require (internal/modules/cjs/loader.js:1043:19)
    at require (internal/modules/cjs/helpers.js:77:18)
    at Object.<anonymous> (C:\Users\Sebas\Desktop\Licencjat\Server\routes\index.js:3:14)
    at Module._compile (internal/modules/cjs/loader.js:1157:30)
    at Object.Module._extensions..js (internal/modules/cjs/loader.js:1177:10)
    at Module.load (internal/modules/cjs/loader.js:1001:32)
    at Function.Module._load (internal/modules/cjs/loader.js:900:14)
    at Module.require (internal/modules/cjs/loader.js:1043:19)
    at require (internal/modules/cjs/helpers.js:77:18)
    at Object.<anonymous> (C:\Users\Sebas\Desktop\Licencjat\Server\app.js:12:21)
    at Module._compile (internal/modules/cjs/loader.js:1157:30)
    at Object.Module._extensions..js (internal/modules/cjs/loader.js:1177:10)
    at Module.load (internal/modules/cjs/loader.js:1001:32)
    at Function.Module._load (internal/modules/cjs/loader.js:900:14)
    at Function.executeUserEntryPoint [as runMain] (internal/modules/run_main.js:74:12)
    at internal/main/run_main_module.js:18:47
2020-06-01T17:12:05.750Z [error]: main - uncaughtException: Route.post() requires a callback function but got a [object Object]
Error: Route.post() requires a callback function but got a [object Object]
    at Route.<computed> [as post] (C:\Users\Sebas\Desktop\Licencjat\Server\node_modules\express\lib\router\route.js:202:15)
    at Function.proto.<computed> [as post] (C:\Users\Sebas\Desktop\Licencjat\Server\node_modules\express\lib\router\index.js:510:19)
    at Object.<anonymous> (C:\Users\Sebas\Desktop\Licencjat\Server\routes\index.js:21:8)
    at Module._compile (internal/modules/cjs/loader.js:1157:30)
    at Object.Module._extensions..js (internal/modules/cjs/loader.js:1177:10)
    at Module.load (internal/modules/cjs/loader.js:1001:32)
    at Function.Module._load (internal/modules/cjs/loader.js:900:14)
    at Module.require (internal/modules/cjs/loader.js:1043:19)
    at require (internal/modules/cjs/helpers.js:77:18)
    at Object.<anonymous> (C:\Users\Sebas\Desktop\Licencjat\Server\app.js:14:21)
    at Module._compile (internal/modules/cjs/loader.js:1157:30)
    at Object.Module._extensions..js (internal/modules/cjs/loader.js:1177:10)
    at Module.load (internal/modules/cjs/loader.js:1001:32)
    at Function.Module._load (internal/modules/cjs/loader.js:900:14)
    at Function.executeUserEntryPoint [as runMain] (internal/modules/run_main.js:74:12)
    at internal/main/run_main_module.js:18:47
2020-06-01T17:15:21.617Z [error]: main - uncaughtException: Cannot find module 'config/config.js'
Require stack:
- C:\Users\Sebas\Desktop\Licencjat\Server\app.js
Error: Cannot find module 'config/config.js'
Require stack:
- C:\Users\Sebas\Desktop\Licencjat\Server\app.js
    at Function.Module._resolveFilename (internal/modules/cjs/loader.js:981:15)
    at Function.Module._load (internal/modules/cjs/loader.js:863:27)
    at Module.require (internal/modules/cjs/loader.js:1043:19)
    at require (internal/modules/cjs/helpers.js:77:18)
    at Object.<anonymous> (C:\Users\Sebas\Desktop\Licencjat\Server\app.js:9:14)
    at Module._compile (internal/modules/cjs/loader.js:1157:30)
    at Object.Module._extensions..js (internal/modules/cjs/loader.js:1177:10)
    at Module.load (internal/modules/cjs/loader.js:1001:32)
    at Function.Module._load (internal/modules/cjs/loader.js:900:14)
    at Function.executeUserEntryPoint [as runMain] (internal/modules/run_main.js:74:12)
2020-06-01T17:17:49.176Z [error]: main - uncaughtException: Cannot find module 'config/config.js'
Require stack:
- C:\Users\Sebas\Desktop\Licencjat\Server\app.js
Error: Cannot find module 'config/config.js'
Require stack:
- C:\Users\Sebas\Desktop\Licencjat\Server\app.js
    at Function.Module._resolveFilename (internal/modules/cjs/loader.js:981:15)
    at Function.Module._load (internal/modules/cjs/loader.js:863:27)
    at Module.require (internal/modules/cjs/loader.js:1043:19)
    at require (internal/modules/cjs/helpers.js:77:18)
    at Object.<anonymous> (C:\Users\Sebas\Desktop\Licencjat\Server\app.js:9:14)
    at Module._compile (internal/modules/cjs/loader.js:1157:30)
    at Object.Module._extensions..js (internal/modules/cjs/loader.js:1177:10)
    at Module.load (internal/modules/cjs/loader.js:1001:32)
    at Function.Module._load (internal/modules/cjs/loader.js:900:14)
    at Function.executeUserEntryPoint [as runMain] (internal/modules/run_main.js:74:12)
2020-06-01T17:18:04.180Z [error]: main - uncaughtException: Cannot find module 'config/config.js'
Require stack:
- C:\Users\Sebas\Desktop\Licencjat\Server\app.js
Error: Cannot find module 'config/config.js'
Require stack:
- C:\Users\Sebas\Desktop\Licencjat\Server\app.js
    at Function.Module._resolveFilename (internal/modules/cjs/loader.js:981:15)
    at Function.Module._load (internal/modules/cjs/loader.js:863:27)
    at Module.require (internal/modules/cjs/loader.js:1043:19)
    at require (internal/modules/cjs/helpers.js:77:18)
    at Object.<anonymous> (C:\Users\Sebas\Desktop\Licencjat\Server\app.js:9:14)
    at Module._compile (internal/modules/cjs/loader.js:1157:30)
    at Object.Module._extensions..js (internal/modules/cjs/loader.js:1177:10)
    at Module.load (internal/modules/cjs/loader.js:1001:32)
    at Function.Module._load (internal/modules/cjs/loader.js:900:14)
    at Function.executeUserEntryPoint [as runMain] (internal/modules/run_main.js:74:12)
2020-06-01T17:18:09.693Z [error]: main - uncaughtException: Cannot find module 'config/config.js'
Require stack:
- C:\Users\Sebas\Desktop\Licencjat\Server\app.js
Error: Cannot find module 'config/config.js'
Require stack:
- C:\Users\Sebas\Desktop\Licencjat\Server\app.js
    at Function.Module._resolveFilename (internal/modules/cjs/loader.js:981:15)
    at Function.Module._load (internal/modules/cjs/loader.js:863:27)
    at Module.require (internal/modules/cjs/loader.js:1043:19)
    at require (internal/modules/cjs/helpers.js:77:18)
    at Object.<anonymous> (C:\Users\Sebas\Desktop\Licencjat\Server\app.js:9:14)
    at Module._compile (internal/modules/cjs/loader.js:1157:30)
    at Object.Module._extensions..js (internal/modules/cjs/loader.js:1177:10)
    at Module.load (internal/modules/cjs/loader.js:1001:32)
    at Function.Module._load (internal/modules/cjs/loader.js:900:14)
    at Function.executeUserEntryPoint [as runMain] (internal/modules/run_main.js:74:12)
2020-06-01T17:19:09.068Z [error]: main - uncaughtException: Cannot find module 'config/config.js'
Require stack:
- C:\Users\Sebas\Desktop\Licencjat\Server\app.js
Error: Cannot find module 'config/config.js'
Require stack:
- C:\Users\Sebas\Desktop\Licencjat\Server\app.js
    at Function.Module._resolveFilename (internal/modules/cjs/loader.js:981:15)
    at Function.Module._load (internal/modules/cjs/loader.js:863:27)
    at Module.require (internal/modules/cjs/loader.js:1043:19)
    at require (internal/modules/cjs/helpers.js:77:18)
    at Object.<anonymous> (C:\Users\Sebas\Desktop\Licencjat\Server\app.js:9:14)
    at Module._compile (internal/modules/cjs/loader.js:1157:30)
    at Object.Module._extensions..js (internal/modules/cjs/loader.js:1177:10)
    at Module.load (internal/modules/cjs/loader.js:1001:32)
    at Function.Module._load (internal/modules/cjs/loader.js:900:14)
    at Function.executeUserEntryPoint [as runMain] (internal/modules/run_main.js:74:12)
2020-06-02T16:08:38.815Z [error]: main - uncaughtException: Dialect needs to be explicitly supplied as of v4.0.0
Error: Dialect needs to be explicitly supplied as of v4.0.0
    at new Sequelize (C:\Users\Sebas\Desktop\Licencjat\Server\node_modules\sequelize\lib\sequelize.js:265:13)
    at Object.<anonymous> (C:\Users\Sebas\Desktop\Licencjat\Server\models\index.js:15:15)
    at Module._compile (internal/modules/cjs/loader.js:1157:30)
    at Object.Module._extensions..js (internal/modules/cjs/loader.js:1177:10)
    at Module.load (internal/modules/cjs/loader.js:1001:32)
    at Function.Module._load (internal/modules/cjs/loader.js:900:14)
    at Module.require (internal/modules/cjs/loader.js:1043:19)
    at require (internal/modules/cjs/helpers.js:77:18)
    at Object.<anonymous> (C:\Users\Sebas\Desktop\Licencjat\Server\controllers\order.js:1:16)
    at Module._compile (internal/modules/cjs/loader.js:1157:30)
    at Object.Module._extensions..js (internal/modules/cjs/loader.js:1177:10)
    at Module.load (internal/modules/cjs/loader.js:1001:32)
    at Function.Module._load (internal/modules/cjs/loader.js:900:14)
    at Module.require (internal/modules/cjs/loader.js:1043:19)
    at require (internal/modules/cjs/helpers.js:77:18)
    at Object.<anonymous> (C:\Users\Sebas\Desktop\Licencjat\Server\controllers\index.js:1:15)
    at Module._compile (internal/modules/cjs/loader.js:1157:30)
    at Object.Module._extensions..js (internal/modules/cjs/loader.js:1177:10)
    at Module.load (internal/modules/cjs/loader.js:1001:32)
    at Function.Module._load (internal/modules/cjs/loader.js:900:14)
    at Module.require (internal/modules/cjs/loader.js:1043:19)
    at require (internal/modules/cjs/helpers.js:77:18)
2020-06-02T16:29:10.077Z [error]: main - uncaughtException: Unexpected token '{'
C:\Users\Sebas\Desktop\Licencjat\Server\models\vehicle.js:11
  }, {});
     ^

SyntaxError: Unexpected token '{'
    at wrapSafe (internal/modules/cjs/loader.js:1071:16)
    at Module._compile (internal/modules/cjs/loader.js:1121:27)
    at Object.Module._extensions..js (internal/modules/cjs/loader.js:1177:10)
    at Module.load (internal/modules/cjs/loader.js:1001:32)
    at Function.Module._load (internal/modules/cjs/loader.js:900:14)
    at Module.require (internal/modules/cjs/loader.js:1043:19)
    at require (internal/modules/cjs/helpers.js:77:18)
    at Sequelize.import (C:\Users\Sebas\Desktop\Licencjat\Server\node_modules\sequelize\lib\sequelize.js:481:62)
    at C:\Users\Sebas\Desktop\Licencjat\Server\models\index.js:28:38
    at Array.forEach (<anonymous>)
    at Object.<anonymous> (C:\Users\Sebas\Desktop\Licencjat\Server\models\index.js:27:4)
    at Module._compile (internal/modules/cjs/loader.js:1157:30)
    at Object.Module._extensions..js (internal/modules/cjs/loader.js:1177:10)
    at Module.load (internal/modules/cjs/loader.js:1001:32)
    at Function.Module._load (internal/modules/cjs/loader.js:900:14)
    at Module.require (internal/modules/cjs/loader.js:1043:19)
    at require (internal/modules/cjs/helpers.js:77:18)
    at Object.<anonymous> (C:\Users\Sebas\Desktop\Licencjat\Server\controllers\order.js:1:16)
    at Module._compile (internal/modules/cjs/loader.js:1157:30)
    at Object.Module._extensions..js (internal/modules/cjs/loader.js:1177:10)
    at Module.load (internal/modules/cjs/loader.js:1001:32)
    at Function.Module._load (internal/modules/cjs/loader.js:900:14)
2020-06-02T16:43:15.089Z [error]: main - uncaughtException: trim is not defined
ReferenceError: trim is not defined
    at module.exports (C:\Users\Sebas\Desktop\Licencjat\Server\models\vehicle.js:10:62)
    at Sequelize.import (C:\Users\Sebas\Desktop\Licencjat\Server\node_modules\sequelize\lib\sequelize.js:486:38)
    at C:\Users\Sebas\Desktop\Licencjat\Server\models\index.js:28:38
    at Array.forEach (<anonymous>)
    at Object.<anonymous> (C:\Users\Sebas\Desktop\Licencjat\Server\models\index.js:27:4)
    at Module._compile (internal/modules/cjs/loader.js:1157:30)
    at Object.Module._extensions..js (internal/modules/cjs/loader.js:1177:10)
    at Module.load (internal/modules/cjs/loader.js:1001:32)
    at Function.Module._load (internal/modules/cjs/loader.js:900:14)
    at Module.require (internal/modules/cjs/loader.js:1043:19)
    at require (internal/modules/cjs/helpers.js:77:18)
    at Object.<anonymous> (C:\Users\Sebas\Desktop\Licencjat\Server\controllers\order.js:1:16)
    at Module._compile (internal/modules/cjs/loader.js:1157:30)
    at Object.Module._extensions..js (internal/modules/cjs/loader.js:1177:10)
    at Module.load (internal/modules/cjs/loader.js:1001:32)
    at Function.Module._load (internal/modules/cjs/loader.js:900:14)
    at Module.require (internal/modules/cjs/loader.js:1043:19)
    at require (internal/modules/cjs/helpers.js:77:18)
    at Object.<anonymous> (C:\Users\Sebas\Desktop\Licencjat\Server\controllers\index.js:1:15)
    at Module._compile (internal/modules/cjs/loader.js:1157:30)
    at Object.Module._extensions..js (internal/modules/cjs/loader.js:1177:10)
    at Module.load (internal/modules/cjs/loader.js:1001:32)
2020-06-02T16:49:51.969Z [error]: main - uncaughtException: A column called 'id' was added to the attributes of 'Orders' but not marked with 'primaryKey: true'
Error: A column called 'id' was added to the attributes of 'Orders' but not marked with 'primaryKey: true'
    at Function._addDefaultAttributes (C:\Users\Sebas\Desktop\Licencjat\Server\node_modules\sequelize\lib\model.js:230:15)
    at Function.init (C:\Users\Sebas\Desktop\Licencjat\Server\node_modules\sequelize\lib\model.js:1052:10)
    at Sequelize.define (C:\Users\Sebas\Desktop\Licencjat\Server\node_modules\sequelize\lib\sequelize.js:428:11)
    at module.exports (C:\Users\Sebas\Desktop\Licencjat\Server\models\orders.js:3:27)
    at Sequelize.import (C:\Users\Sebas\Desktop\Licencjat\Server\node_modules\sequelize\lib\sequelize.js:486:38)
    at C:\Users\Sebas\Desktop\Licencjat\Server\models\index.js:28:38
    at Array.forEach (<anonymous>)
    at Object.<anonymous> (C:\Users\Sebas\Desktop\Licencjat\Server\models\index.js:27:4)
    at Module._compile (internal/modules/cjs/loader.js:1157:30)
    at Object.Module._extensions..js (internal/modules/cjs/loader.js:1177:10)
    at Module.load (internal/modules/cjs/loader.js:1001:32)
    at Function.Module._load (internal/modules/cjs/loader.js:900:14)
    at Module.require (internal/modules/cjs/loader.js:1043:19)
    at require (internal/modules/cjs/helpers.js:77:18)
    at Object.<anonymous> (C:\Users\Sebas\Desktop\Licencjat\Server\controllers\order.js:1:16)
    at Module._compile (internal/modules/cjs/loader.js:1157:30)
    at Object.Module._extensions..js (internal/modules/cjs/loader.js:1177:10)
    at Module.load (internal/modules/cjs/loader.js:1001:32)
    at Function.Module._load (internal/modules/cjs/loader.js:900:14)
    at Module.require (internal/modules/cjs/loader.js:1043:19)
    at require (internal/modules/cjs/helpers.js:77:18)
    at Object.<anonymous> (C:\Users\Sebas\Desktop\Licencjat\Server\controllers\index.js:1:15)
2020-06-02T16:51:30.336Z [error]: main - uncaughtException: A column called 'id' was added to the attributes of 'Orders' but not marked with 'primaryKey: true'
Error: A column called 'id' was added to the attributes of 'Orders' but not marked with 'primaryKey: true'
    at Function._addDefaultAttributes (C:\Users\Sebas\Desktop\Licencjat\Server\node_modules\sequelize\lib\model.js:230:15)
    at Function.init (C:\Users\Sebas\Desktop\Licencjat\Server\node_modules\sequelize\lib\model.js:1052:10)
    at Sequelize.define (C:\Users\Sebas\Desktop\Licencjat\Server\node_modules\sequelize\lib\sequelize.js:428:11)
    at module.exports (C:\Users\Sebas\Desktop\Licencjat\Server\models\orders.js:3:27)
    at Sequelize.import (C:\Users\Sebas\Desktop\Licencjat\Server\node_modules\sequelize\lib\sequelize.js:486:38)
    at C:\Users\Sebas\Desktop\Licencjat\Server\models\index.js:28:38
    at Array.forEach (<anonymous>)
    at Object.<anonymous> (C:\Users\Sebas\Desktop\Licencjat\Server\models\index.js:27:4)
    at Module._compile (internal/modules/cjs/loader.js:1157:30)
    at Object.Module._extensions..js (internal/modules/cjs/loader.js:1177:10)
    at Module.load (internal/modules/cjs/loader.js:1001:32)
    at Function.Module._load (internal/modules/cjs/loader.js:900:14)
    at Module.require (internal/modules/cjs/loader.js:1043:19)
    at require (internal/modules/cjs/helpers.js:77:18)
    at Object.<anonymous> (C:\Users\Sebas\Desktop\Licencjat\Server\controllers\order.js:1:16)
    at Module._compile (internal/modules/cjs/loader.js:1157:30)
    at Object.Module._extensions..js (internal/modules/cjs/loader.js:1177:10)
    at Module.load (internal/modules/cjs/loader.js:1001:32)
    at Function.Module._load (internal/modules/cjs/loader.js:900:14)
    at Module.require (internal/modules/cjs/loader.js:1043:19)
    at require (internal/modules/cjs/helpers.js:77:18)
    at Object.<anonymous> (C:\Users\Sebas\Desktop\Licencjat\Server\controllers\index.js:1:15)
2020-06-02T16:52:23.524Z [error]: main - uncaughtException: A column called 'id' was added to the attributes of 'Orders' but not marked with 'primaryKey: true'
Error: A column called 'id' was added to the attributes of 'Orders' but not marked with 'primaryKey: true'
    at Function._addDefaultAttributes (C:\Users\Sebas\Desktop\Licencjat\Server\node_modules\sequelize\lib\model.js:230:15)
    at Function.init (C:\Users\Sebas\Desktop\Licencjat\Server\node_modules\sequelize\lib\model.js:1052:10)
    at Sequelize.define (C:\Users\Sebas\Desktop\Licencjat\Server\node_modules\sequelize\lib\sequelize.js:428:11)
    at module.exports (C:\Users\Sebas\Desktop\Licencjat\Server\models\orders.js:3:27)
    at Sequelize.import (C:\Users\Sebas\Desktop\Licencjat\Server\node_modules\sequelize\lib\sequelize.js:486:38)
    at C:\Users\Sebas\Desktop\Licencjat\Server\models\index.js:28:38
    at Array.forEach (<anonymous>)
    at Object.<anonymous> (C:\Users\Sebas\Desktop\Licencjat\Server\models\index.js:27:4)
    at Module._compile (internal/modules/cjs/loader.js:1157:30)
    at Object.Module._extensions..js (internal/modules/cjs/loader.js:1177:10)
    at Module.load (internal/modules/cjs/loader.js:1001:32)
    at Function.Module._load (internal/modules/cjs/loader.js:900:14)
    at Module.require (internal/modules/cjs/loader.js:1043:19)
    at require (internal/modules/cjs/helpers.js:77:18)
    at Object.<anonymous> (C:\Users\Sebas\Desktop\Licencjat\Server\controllers\order.js:1:16)
    at Module._compile (internal/modules/cjs/loader.js:1157:30)
    at Object.Module._extensions..js (internal/modules/cjs/loader.js:1177:10)
    at Module.load (internal/modules/cjs/loader.js:1001:32)
    at Function.Module._load (internal/modules/cjs/loader.js:900:14)
    at Module.require (internal/modules/cjs/loader.js:1043:19)
    at require (internal/modules/cjs/helpers.js:77:18)
    at Object.<anonymous> (C:\Users\Sebas\Desktop\Licencjat\Server\controllers\index.js:1:15)
2020-06-02T16:52:28.692Z [error]: main - uncaughtException: A column called 'id' was added to the attributes of 'Orders' but not marked with 'primaryKey: true'
Error: A column called 'id' was added to the attributes of 'Orders' but not marked with 'primaryKey: true'
    at Function._addDefaultAttributes (C:\Users\Sebas\Desktop\Licencjat\Server\node_modules\sequelize\lib\model.js:230:15)
    at Function.init (C:\Users\Sebas\Desktop\Licencjat\Server\node_modules\sequelize\lib\model.js:1052:10)
    at Sequelize.define (C:\Users\Sebas\Desktop\Licencjat\Server\node_modules\sequelize\lib\sequelize.js:428:11)
    at module.exports (C:\Users\Sebas\Desktop\Licencjat\Server\models\orders.js:3:27)
    at Sequelize.import (C:\Users\Sebas\Desktop\Licencjat\Server\node_modules\sequelize\lib\sequelize.js:486:38)
    at C:\Users\Sebas\Desktop\Licencjat\Server\models\index.js:28:38
    at Array.forEach (<anonymous>)
    at Object.<anonymous> (C:\Users\Sebas\Desktop\Licencjat\Server\models\index.js:27:4)
    at Module._compile (internal/modules/cjs/loader.js:1157:30)
    at Object.Module._extensions..js (internal/modules/cjs/loader.js:1177:10)
    at Module.load (internal/modules/cjs/loader.js:1001:32)
    at Function.Module._load (internal/modules/cjs/loader.js:900:14)
    at Module.require (internal/modules/cjs/loader.js:1043:19)
    at require (internal/modules/cjs/helpers.js:77:18)
    at Object.<anonymous> (C:\Users\Sebas\Desktop\Licencjat\Server\controllers\order.js:1:16)
    at Module._compile (internal/modules/cjs/loader.js:1157:30)
    at Object.Module._extensions..js (internal/modules/cjs/loader.js:1177:10)
    at Module.load (internal/modules/cjs/loader.js:1001:32)
    at Function.Module._load (internal/modules/cjs/loader.js:900:14)
    at Module.require (internal/modules/cjs/loader.js:1043:19)
    at require (internal/modules/cjs/helpers.js:77:18)
    at Object.<anonymous> (C:\Users\Sebas\Desktop\Licencjat\Server\controllers\index.js:1:15)
2020-06-02T16:54:10.314Z [error]: main - uncaughtException: A column called 'id' was added to the attributes of 'Orders' but not marked with 'primaryKey: true'
Error: A column called 'id' was added to the attributes of 'Orders' but not marked with 'primaryKey: true'
    at Function._addDefaultAttributes (C:\Users\Sebas\Desktop\Licencjat\Server\node_modules\sequelize\lib\model.js:230:15)
    at Function.init (C:\Users\Sebas\Desktop\Licencjat\Server\node_modules\sequelize\lib\model.js:1052:10)
    at Sequelize.define (C:\Users\Sebas\Desktop\Licencjat\Server\node_modules\sequelize\lib\sequelize.js:428:11)
    at module.exports (C:\Users\Sebas\Desktop\Licencjat\Server\models\orders.js:3:27)
    at Sequelize.import (C:\Users\Sebas\Desktop\Licencjat\Server\node_modules\sequelize\lib\sequelize.js:486:38)
    at C:\Users\Sebas\Desktop\Licencjat\Server\models\index.js:28:38
    at Array.forEach (<anonymous>)
    at Object.<anonymous> (C:\Users\Sebas\Desktop\Licencjat\Server\models\index.js:27:4)
    at Module._compile (internal/modules/cjs/loader.js:1157:30)
    at Object.Module._extensions..js (internal/modules/cjs/loader.js:1177:10)
    at Module.load (internal/modules/cjs/loader.js:1001:32)
    at Function.Module._load (internal/modules/cjs/loader.js:900:14)
    at Module.require (internal/modules/cjs/loader.js:1043:19)
    at require (internal/modules/cjs/helpers.js:77:18)
    at Object.<anonymous> (C:\Users\Sebas\Desktop\Licencjat\Server\controllers\order.js:1:16)
    at Module._compile (internal/modules/cjs/loader.js:1157:30)
    at Object.Module._extensions..js (internal/modules/cjs/loader.js:1177:10)
    at Module.load (internal/modules/cjs/loader.js:1001:32)
    at Function.Module._load (internal/modules/cjs/loader.js:900:14)
    at Module.require (internal/modules/cjs/loader.js:1043:19)
    at require (internal/modules/cjs/helpers.js:77:18)
    at Object.<anonymous> (C:\Users\Sebas\Desktop\Licencjat\Server\controllers\index.js:1:15)
2020-06-02T17:22:07.155Z [error]: main - uncaughtException: Unexpected identifier
C:\Users\Sebas\Desktop\Licencjat\Server\controllers\semiTrailer.js:80
                        semiTrailerType: req.body.semiTrailerType
                        ^^^^^^^^^^^^^^^

SyntaxError: Unexpected identifier
    at wrapSafe (internal/modules/cjs/loader.js:1071:16)
    at Module._compile (internal/modules/cjs/loader.js:1121:27)
    at Object.Module._extensions..js (internal/modules/cjs/loader.js:1177:10)
    at Module.load (internal/modules/cjs/loader.js:1001:32)
    at Function.Module._load (internal/modules/cjs/loader.js:900:14)
    at Module.require (internal/modules/cjs/loader.js:1043:19)
    at require (internal/modules/cjs/helpers.js:77:18)
    at Object.<anonymous> (C:\Users\Sebas\Desktop\Licencjat\Server\controllers\vehicle.js:4:31)
    at Module._compile (internal/modules/cjs/loader.js:1157:30)
    at Object.Module._extensions..js (internal/modules/cjs/loader.js:1177:10)
    at Module.load (internal/modules/cjs/loader.js:1001:32)
    at Function.Module._load (internal/modules/cjs/loader.js:900:14)
    at Module.require (internal/modules/cjs/loader.js:1043:19)
    at require (internal/modules/cjs/helpers.js:77:18)
    at Object.<anonymous> (C:\Users\Sebas\Desktop\Licencjat\Server\controllers\index.js:4:17)
    at Module._compile (internal/modules/cjs/loader.js:1157:30)
    at Object.Module._extensions..js (internal/modules/cjs/loader.js:1177:10)
    at Module.load (internal/modules/cjs/loader.js:1001:32)
    at Function.Module._load (internal/modules/cjs/loader.js:900:14)
    at Module.require (internal/modules/cjs/loader.js:1043:19)
    at require (internal/modules/cjs/helpers.js:77:18)
    at Object.<anonymous> (C:\Users\Sebas\Desktop\Licencjat\Server\routes\index.js:5:25)
2020-06-02T17:53:05.185Z [error]: main - uncaughtException: Unexpected token '{'
C:\Users\Sebas\Desktop\Licencjat\Server\models\orders.js:61
    }, {});
       ^

SyntaxError: Unexpected token '{'
    at wrapSafe (internal/modules/cjs/loader.js:1071:16)
    at Module._compile (internal/modules/cjs/loader.js:1121:27)
    at Object.Module._extensions..js (internal/modules/cjs/loader.js:1177:10)
    at Module.load (internal/modules/cjs/loader.js:1001:32)
    at Function.Module._load (internal/modules/cjs/loader.js:900:14)
    at Module.require (internal/modules/cjs/loader.js:1043:19)
    at require (internal/modules/cjs/helpers.js:77:18)
    at Sequelize.import (C:\Users\Sebas\Desktop\Licencjat\Server\node_modules\sequelize\lib\sequelize.js:481:62)
    at C:\Users\Sebas\Desktop\Licencjat\Server\models\index.js:28:38
    at Array.forEach (<anonymous>)
    at Object.<anonymous> (C:\Users\Sebas\Desktop\Licencjat\Server\models\index.js:27:4)
    at Module._compile (internal/modules/cjs/loader.js:1157:30)
    at Object.Module._extensions..js (internal/modules/cjs/loader.js:1177:10)
    at Module.load (internal/modules/cjs/loader.js:1001:32)
    at Function.Module._load (internal/modules/cjs/loader.js:900:14)
    at Module.require (internal/modules/cjs/loader.js:1043:19)
    at require (internal/modules/cjs/helpers.js:77:18)
    at Object.<anonymous> (C:\Users\Sebas\Desktop\Licencjat\Server\controllers\order.js:1:16)
    at Module._compile (internal/modules/cjs/loader.js:1157:30)
    at Object.Module._extensions..js (internal/modules/cjs/loader.js:1177:10)
    at Module.load (internal/modules/cjs/loader.js:1001:32)
    at Function.Module._load (internal/modules/cjs/loader.js:900:14)
2020-06-02T17:54:01.959Z [error]: main - uncaughtException: Unexpected token '{'
C:\Users\Sebas\Desktop\Licencjat\Server\models\orders.js:64
    {
    ^

SyntaxError: Unexpected token '{'
    at wrapSafe (internal/modules/cjs/loader.js:1071:16)
    at Module._compile (internal/modules/cjs/loader.js:1121:27)
    at Object.Module._extensions..js (internal/modules/cjs/loader.js:1177:10)
    at Module.load (internal/modules/cjs/loader.js:1001:32)
    at Function.Module._load (internal/modules/cjs/loader.js:900:14)
    at Module.require (internal/modules/cjs/loader.js:1043:19)
    at require (internal/modules/cjs/helpers.js:77:18)
    at Sequelize.import (C:\Users\Sebas\Desktop\Licencjat\Server\node_modules\sequelize\lib\sequelize.js:481:62)
    at C:\Users\Sebas\Desktop\Licencjat\Server\models\index.js:28:38
    at Array.forEach (<anonymous>)
    at Object.<anonymous> (C:\Users\Sebas\Desktop\Licencjat\Server\models\index.js:27:4)
    at Module._compile (internal/modules/cjs/loader.js:1157:30)
    at Object.Module._extensions..js (internal/modules/cjs/loader.js:1177:10)
    at Module.load (internal/modules/cjs/loader.js:1001:32)
    at Function.Module._load (internal/modules/cjs/loader.js:900:14)
    at Module.require (internal/modules/cjs/loader.js:1043:19)
    at require (internal/modules/cjs/helpers.js:77:18)
    at Object.<anonymous> (C:\Users\Sebas\Desktop\Licencjat\Server\controllers\order.js:1:16)
    at Module._compile (internal/modules/cjs/loader.js:1157:30)
    at Object.Module._extensions..js (internal/modules/cjs/loader.js:1177:10)
    at Module.load (internal/modules/cjs/loader.js:1001:32)
    at Function.Module._load (internal/modules/cjs/loader.js:900:14)
2020-06-02T17:58:32.050Z [error]: main - uncaughtException: Unexpected token '}'
C:\Users\Sebas\Desktop\Licencjat\Server\controllers\semiTrailer.js:62
            }));
            ^

SyntaxError: Unexpected token '}'
    at wrapSafe (internal/modules/cjs/loader.js:1071:16)
    at Module._compile (internal/modules/cjs/loader.js:1121:27)
    at Object.Module._extensions..js (internal/modules/cjs/loader.js:1177:10)
    at Module.load (internal/modules/cjs/loader.js:1001:32)
    at Function.Module._load (internal/modules/cjs/loader.js:900:14)
    at Module.require (internal/modules/cjs/loader.js:1043:19)
    at require (internal/modules/cjs/helpers.js:77:18)
    at Object.<anonymous> (C:\Users\Sebas\Desktop\Licencjat\Server\controllers\vehicle.js:4:31)
    at Module._compile (internal/modules/cjs/loader.js:1157:30)
    at Object.Module._extensions..js (internal/modules/cjs/loader.js:1177:10)
    at Module.load (internal/modules/cjs/loader.js:1001:32)
    at Function.Module._load (internal/modules/cjs/loader.js:900:14)
    at Module.require (internal/modules/cjs/loader.js:1043:19)
    at require (internal/modules/cjs/helpers.js:77:18)
    at Object.<anonymous> (C:\Users\Sebas\Desktop\Licencjat\Server\controllers\index.js:4:17)
    at Module._compile (internal/modules/cjs/loader.js:1157:30)
    at Object.Module._extensions..js (internal/modules/cjs/loader.js:1177:10)
    at Module.load (internal/modules/cjs/loader.js:1001:32)
    at Function.Module._load (internal/modules/cjs/loader.js:900:14)
    at Module.require (internal/modules/cjs/loader.js:1043:19)
    at require (internal/modules/cjs/helpers.js:77:18)
    at Object.<anonymous> (C:\Users\Sebas\Desktop\Licencjat\Server\routes\index.js:5:25)
2021-01-12T14:07:52.524Z [error]: main - uncaughtException: Cannot use import statement outside a module
C:\Users\Sebas\Desktop\Licencjat\Server\models\index.js:3
import {fs} from 'fs';
^^^^^^

SyntaxError: Cannot use import statement outside a module
    at wrapSafe (internal/modules/cjs/loader.js:979:16)
    at Module._compile (internal/modules/cjs/loader.js:1027:27)
    at Object.Module._extensions..js (internal/modules/cjs/loader.js:1092:10)
    at Module.load (internal/modules/cjs/loader.js:928:32)
    at Function.Module._load (internal/modules/cjs/loader.js:769:14)
    at Module.require (internal/modules/cjs/loader.js:952:19)
    at require (internal/modules/cjs/helpers.js:88:18)
    at Object.<anonymous> (C:\Users\Sebas\Desktop\Licencjat\Server\controllers\order.js:1:16)
    at Module._compile (internal/modules/cjs/loader.js:1063:30)
    at Object.Module._extensions..js (internal/modules/cjs/loader.js:1092:10)
2021-01-12T14:17:53.276Z [error]: main - uncaughtException: Cannot use import statement outside a module
C:\Users\Sebas\Desktop\Licencjat\Server\models\index.js:3
import {fs} from 'fs';
^^^^^^

SyntaxError: Cannot use import statement outside a module
    at wrapSafe (internal/modules/cjs/loader.js:979:16)
    at Module._compile (internal/modules/cjs/loader.js:1027:27)
    at Object.Module._extensions..js (internal/modules/cjs/loader.js:1092:10)
    at Module.load (internal/modules/cjs/loader.js:928:32)
    at Function.Module._load (internal/modules/cjs/loader.js:769:14)
    at Module.require (internal/modules/cjs/loader.js:952:19)
    at require (internal/modules/cjs/helpers.js:88:18)
    at Object.<anonymous> (C:\Users\Sebas\Desktop\Licencjat\Server\controllers\order.js:1:16)
    at Module._compile (internal/modules/cjs/loader.js:1063:30)
    at Object.Module._extensions..js (internal/modules/cjs/loader.js:1092:10)
2021-01-12T20:01:40.520Z [error]: main - uncaughtException: module is not defined
ReferenceError: module is not defined
    at file:///C:/Users/Sebas/Desktop/Licencjat/Server/logger/logger.js:36:1
    at ModuleJob.run (internal/modules/esm/module_job.js:146:23)
    at async Loader.import (internal/modules/esm/loader.js:165:24)
    at async Object.loadESM (internal/process/esm_loader.js:68:5)
2021-01-12T20:01:54.101Z [error]: main - uncaughtException: module is not defined
ReferenceError: module is not defined
    at file:///C:/Users/Sebas/Desktop/Licencjat/Server/logger/logger.js:36:1
    at ModuleJob.run (internal/modules/esm/module_job.js:146:23)
    at async Loader.import (internal/modules/esm/loader.js:165:24)
    at async Object.loadESM (internal/process/esm_loader.js:68:5)
2021-01-12T20:02:27.817Z [error]: main - uncaughtException: Invalid URL: ../config/custom-environment-variables.json
TypeError [ERR_INVALID_URL]: Invalid URL: ../config/custom-environment-variables.json
    at onParseError (internal/url.js:258:9)
    at new URL (internal/url.js:334:5)
    at file:///C:/Users/Sebas/Desktop/Licencjat/Server/middleware/auth.js:3:49
    at ModuleJob.run (internal/modules/esm/module_job.js:146:23)
    at async Loader.import (internal/modules/esm/loader.js:165:24)
    at async Object.loadESM (internal/process/esm_loader.js:68:5)
2021-01-12T20:03:00.240Z [error]: main - uncaughtException: module is not defined
ReferenceError: module is not defined
    at file:///C:/Users/Sebas/Desktop/Licencjat/Server/logger/logger.js:36:1
    at ModuleJob.run (internal/modules/esm/module_job.js:146:23)
    at async Loader.import (internal/modules/esm/loader.js:165:24)
    at async Object.loadESM (internal/process/esm_loader.js:68:5)
2021-01-12T20:03:21.008Z [error]: main - uncaughtException: Invalid URL: ../config/custom-environment-variables.json
TypeError [ERR_INVALID_URL]: Invalid URL: ../config/custom-environment-variables.json
    at onParseError (internal/url.js:258:9)
    at new URL (internal/url.js:334:5)
    at file:///C:/Users/Sebas/Desktop/Licencjat/Server/middleware/auth.js:3:49
    at ModuleJob.run (internal/modules/esm/module_job.js:146:23)
    at async Loader.import (internal/modules/esm/loader.js:165:24)
    at async Object.loadESM (internal/process/esm_loader.js:68:5)
2021-01-12T20:04:01.570Z [error]: main - uncaughtException: Invalid URL: ../config/custom-environment-variables.json
TypeError [ERR_INVALID_URL]: Invalid URL: ../config/custom-environment-variables.json
    at onParseError (internal/url.js:258:9)
    at new URL (internal/url.js:334:5)
    at file:///C:/Users/Sebas/Desktop/Licencjat/Server/middleware/auth.js:3:49
    at ModuleJob.run (internal/modules/esm/module_job.js:146:23)
    at async Loader.import (internal/modules/esm/loader.js:165:24)
    at async Object.loadESM (internal/process/esm_loader.js:68:5)
2021-01-12T20:16:27.557Z [error]: main - uncaughtException: Invalid URL: ../config/custom-environment-variables.json
TypeError [ERR_INVALID_URL]: Invalid URL: ../config/custom-environment-variables.json
    at onParseError (internal/url.js:258:9)
    at new URL (internal/url.js:334:5)
    at file:///C:/Users/Sebas/Desktop/Licencjat/Server/middleware/auth.js:3:49
    at ModuleJob.run (internal/modules/esm/module_job.js:146:23)
    at async Loader.import (internal/modules/esm/loader.js:165:24)
    at async Object.loadESM (internal/process/esm_loader.js:68:5)
2021-01-12T20:17:00.394Z [error]: main - uncaughtException: Invalid URL: ../config/custom-environment-variables.json
TypeError [ERR_INVALID_URL]: Invalid URL: ../config/custom-environment-variables.json
    at onParseError (internal/url.js:258:9)
    at new URL (internal/url.js:334:5)
    at file:///C:/Users/Sebas/Desktop/Licencjat/Server/middleware/auth.js:3:49
    at ModuleJob.run (internal/modules/esm/module_job.js:146:23)
    at async Loader.import (internal/modules/esm/loader.js:165:24)
    at async Object.loadESM (internal/process/esm_loader.js:68:5)
2021-01-12T20:17:22.894Z [error]: main - uncaughtException: Invalid URL: ../config/custom-environment-variables.json
TypeError [ERR_INVALID_URL]: Invalid URL: ../config/custom-environment-variables.json
    at onParseError (internal/url.js:258:9)
    at new URL (internal/url.js:334:5)
    at file:///C:/Users/Sebas/Desktop/Licencjat/Server/middleware/auth.js:3:49
    at ModuleJob.run (internal/modules/esm/module_job.js:146:23)
    at async Loader.import (internal/modules/esm/loader.js:165:24)
    at async Object.loadESM (internal/process/esm_loader.js:68:5)
2021-01-12T20:17:28.556Z [error]: main - uncaughtException: Invalid URL: ../config/custom-environment-variables.json
TypeError [ERR_INVALID_URL]: Invalid URL: ../config/custom-environment-variables.json
    at onParseError (internal/url.js:258:9)
    at new URL (internal/url.js:334:5)
    at file:///C:/Users/Sebas/Desktop/Licencjat/Server/middleware/auth.js:3:49
    at ModuleJob.run (internal/modules/esm/module_job.js:146:23)
    at async Loader.import (internal/modules/esm/loader.js:165:24)
    at async Object.loadESM (internal/process/esm_loader.js:68:5)
2021-01-12T20:17:34.580Z [error]: main - uncaughtException: Invalid URL: ../config/custom-environment-variables.json
TypeError [ERR_INVALID_URL]: Invalid URL: ../config/custom-environment-variables.json
    at onParseError (internal/url.js:258:9)
    at new URL (internal/url.js:334:5)
    at file:///C:/Users/Sebas/Desktop/Licencjat/Server/middleware/auth.js:3:49
    at ModuleJob.run (internal/modules/esm/module_job.js:146:23)
    at async Loader.import (internal/modules/esm/loader.js:165:24)
    at async Object.loadESM (internal/process/esm_loader.js:68:5)
2021-01-12T20:17:56.403Z [error]: main - uncaughtException: Invalid URL: ../config/custom-environment-variables.json
TypeError [ERR_INVALID_URL]: Invalid URL: ../config/custom-environment-variables.json
    at onParseError (internal/url.js:258:9)
    at new URL (internal/url.js:334:5)
    at file:///C:/Users/Sebas/Desktop/Licencjat/Server/middleware/auth.js:3:49
    at ModuleJob.run (internal/modules/esm/module_job.js:146:23)
    at async Loader.import (internal/modules/esm/loader.js:165:24)
    at async Object.loadESM (internal/process/esm_loader.js:68:5)
2021-01-12T20:18:04.054Z [error]: main - uncaughtException: Invalid URL: ../config/custom-environment-variables.json
TypeError [ERR_INVALID_URL]: Invalid URL: ../config/custom-environment-variables.json
    at onParseError (internal/url.js:258:9)
    at new URL (internal/url.js:334:5)
    at file:///C:/Users/Sebas/Desktop/Licencjat/Server/middleware/auth.js:3:49
    at ModuleJob.run (internal/modules/esm/module_job.js:146:23)
    at async Loader.import (internal/modules/esm/loader.js:165:24)
    at async Object.loadESM (internal/process/esm_loader.js:68:5)
2021-01-12T20:18:09.588Z [error]: main - uncaughtException: Invalid URL: ../config/custom-environment-variables.json
TypeError [ERR_INVALID_URL]: Invalid URL: ../config/custom-environment-variables.json
    at onParseError (internal/url.js:258:9)
    at new URL (internal/url.js:334:5)
    at file:///C:/Users/Sebas/Desktop/Licencjat/Server/middleware/auth.js:3:49
    at ModuleJob.run (internal/modules/esm/module_job.js:146:23)
    at async Loader.import (internal/modules/esm/loader.js:165:24)
    at async Object.loadESM (internal/process/esm_loader.js:68:5)
2021-01-12T20:19:19.078Z [error]: main - uncaughtException: Invalid URL: ../config/custom-environment-variables.json
TypeError [ERR_INVALID_URL]: Invalid URL: ../config/custom-environment-variables.json
    at onParseError (internal/url.js:258:9)
    at new URL (internal/url.js:334:5)
    at file:///C:/Users/Sebas/Desktop/Licencjat/Server/middleware/auth.js:3:49
    at ModuleJob.run (internal/modules/esm/module_job.js:146:23)
    at async Loader.import (internal/modules/esm/loader.js:165:24)
    at async Object.loadESM (internal/process/esm_loader.js:68:5)
2021-01-12T20:22:25.532Z [error]: main - uncaughtException: Invalid URL: ../config/custom-environment-variables.json
TypeError [ERR_INVALID_URL]: Invalid URL: ../config/custom-environment-variables.json
    at onParseError (internal/url.js:258:9)
    at new URL (internal/url.js:334:5)
    at file:///C:/Users/Sebas/Desktop/Licencjat/Server/middleware/auth.js:3:49
    at ModuleJob.run (internal/modules/esm/module_job.js:146:23)
    at async Loader.import (internal/modules/esm/loader.js:165:24)
    at async Object.loadESM (internal/process/esm_loader.js:68:5)
2021-01-12T20:23:36.865Z [error]: main - uncaughtException: Invalid URL: ../config/custom-environment-variables.json
TypeError [ERR_INVALID_URL]: Invalid URL: ../config/custom-environment-variables.json
    at onParseError (internal/url.js:258:9)
    at new URL (internal/url.js:334:5)
    at file:///C:/Users/Sebas/Desktop/Licencjat/Server/middleware/auth.js:3:49
    at ModuleJob.run (internal/modules/esm/module_job.js:146:23)
    at async Loader.import (internal/modules/esm/loader.js:165:24)
    at async Object.loadESM (internal/process/esm_loader.js:68:5)
2021-01-12T20:29:03.574Z [error]: main - uncaughtException: Invalid URL: ../config/custom-environment-variables.json
TypeError [ERR_INVALID_URL]: Invalid URL: ../config/custom-environment-variables.json
    at onParseError (internal/url.js:258:9)
    at new URL (internal/url.js:334:5)
    at file:///C:/Users/Sebas/Desktop/Licencjat/Server/middleware/auth.js:3:49
    at ModuleJob.run (internal/modules/esm/module_job.js:146:23)
    at async Loader.import (internal/modules/esm/loader.js:165:24)
    at async Object.loadESM (internal/process/esm_loader.js:68:5)
2021-01-12T20:29:51.291Z [error]: main - uncaughtException: Invalid URL: ../config/custom-environment-variables.json
TypeError [ERR_INVALID_URL]: Invalid URL: ../config/custom-environment-variables.json
    at onParseError (internal/url.js:258:9)
    at new URL (internal/url.js:334:5)
    at file:///C:/Users/Sebas/Desktop/Licencjat/Server/middleware/auth.js:3:49
    at ModuleJob.run (internal/modules/esm/module_job.js:146:23)
    at async Loader.import (internal/modules/esm/loader.js:165:24)
    at async Object.loadESM (internal/process/esm_loader.js:68:5)
2021-01-12T20:29:54.241Z [error]: main - uncaughtException: Invalid URL: ../config/custom-environment-variables.json
TypeError [ERR_INVALID_URL]: Invalid URL: ../config/custom-environment-variables.json
    at onParseError (internal/url.js:258:9)
    at new URL (internal/url.js:334:5)
    at file:///C:/Users/Sebas/Desktop/Licencjat/Server/middleware/auth.js:3:49
    at ModuleJob.run (internal/modules/esm/module_job.js:146:23)
    at async Loader.import (internal/modules/esm/loader.js:165:24)
    at async Object.loadESM (internal/process/esm_loader.js:68:5)
2021-01-12T20:30:02.749Z [error]: main - uncaughtException: Invalid URL: ../config/custom-environment-variables.json
TypeError [ERR_INVALID_URL]: Invalid URL: ../config/custom-environment-variables.json
    at onParseError (internal/url.js:258:9)
    at new URL (internal/url.js:334:5)
    at file:///C:/Users/Sebas/Desktop/Licencjat/Server/middleware/auth.js:3:49
    at ModuleJob.run (internal/modules/esm/module_job.js:146:23)
    at async Loader.import (internal/modules/esm/loader.js:165:24)
    at async Object.loadESM (internal/process/esm_loader.js:68:5)
2021-01-12T20:32:28.983Z [error]: main - uncaughtException: Invalid URL: ../config/custom-environment-variables.json
TypeError [ERR_INVALID_URL]: Invalid URL: ../config/custom-environment-variables.json
    at onParseError (internal/url.js:258:9)
    at new URL (internal/url.js:334:5)
    at file:///C:/Users/Sebas/Desktop/Licencjat/Server/middleware/auth.js:3:49
    at ModuleJob.run (internal/modules/esm/module_job.js:146:23)
    at async Loader.import (internal/modules/esm/loader.js:165:24)
    at async Object.loadESM (internal/process/esm_loader.js:68:5)
2021-01-12T20:32:44.125Z [error]: main - uncaughtException: Invalid URL: ../config/custom-environment-variables.json
TypeError [ERR_INVALID_URL]: Invalid URL: ../config/custom-environment-variables.json
    at onParseError (internal/url.js:258:9)
    at new URL (internal/url.js:334:5)
    at file:///C:/Users/Sebas/Desktop/Licencjat/Server/middleware/auth.js:3:49
    at ModuleJob.run (internal/modules/esm/module_job.js:146:23)
    at async Loader.import (internal/modules/esm/loader.js:165:24)
    at async Object.loadESM (internal/process/esm_loader.js:68:5)
2021-01-12T20:32:54.873Z [error]: main - uncaughtException: Invalid URL: ../config/custom-environment-variables.json
TypeError [ERR_INVALID_URL]: Invalid URL: ../config/custom-environment-variables.json
    at onParseError (internal/url.js:258:9)
    at new URL (internal/url.js:334:5)
    at file:///C:/Users/Sebas/Desktop/Licencjat/Server/middleware/auth.js:3:49
    at ModuleJob.run (internal/modules/esm/module_job.js:146:23)
    at async Loader.import (internal/modules/esm/loader.js:165:24)
    at async Object.loadESM (internal/process/esm_loader.js:68:5)
2021-01-12T20:33:47.640Z [error]: main - uncaughtException: Invalid URL: ../config/custom-environment-variables.json
TypeError [ERR_INVALID_URL]: Invalid URL: ../config/custom-environment-variables.json
    at onParseError (internal/url.js:258:9)
    at new URL (internal/url.js:334:5)
    at file:///C:/Users/Sebas/Desktop/Licencjat/Server/middleware/auth.js:3:49
    at ModuleJob.run (internal/modules/esm/module_job.js:146:23)
    at async Loader.import (internal/modules/esm/loader.js:165:24)
    at async Object.loadESM (internal/process/esm_loader.js:68:5)
2021-01-12T20:33:58.761Z [error]: main - uncaughtException: Invalid URL: ../config/custom-environment-variables.json
TypeError [ERR_INVALID_URL]: Invalid URL: ../config/custom-environment-variables.json
    at onParseError (internal/url.js:258:9)
    at new URL (internal/url.js:334:5)
    at file:///C:/Users/Sebas/Desktop/Licencjat/Server/middleware/auth.js:3:49
    at ModuleJob.run (internal/modules/esm/module_job.js:146:23)
    at async Loader.import (internal/modules/esm/loader.js:165:24)
    at async Object.loadESM (internal/process/esm_loader.js:68:5)
2021-01-12T20:34:57.286Z [error]: main - uncaughtException: Invalid URL: ../config/custom-environment-variables.json
TypeError [ERR_INVALID_URL]: Invalid URL: ../config/custom-environment-variables.json
    at onParseError (internal/url.js:258:9)
    at new URL (internal/url.js:334:5)
    at file:///C:/Users/Sebas/Desktop/Licencjat/Server/middleware/auth.js:3:49
    at ModuleJob.run (internal/modules/esm/module_job.js:146:23)
    at async Loader.import (internal/modules/esm/loader.js:165:24)
    at async Object.loadESM (internal/process/esm_loader.js:68:5)
2021-01-12T20:35:11.339Z [error]: main - uncaughtException: Invalid URL: ../config/custom-environment-variables.json
TypeError [ERR_INVALID_URL]: Invalid URL: ../config/custom-environment-variables.json
    at onParseError (internal/url.js:258:9)
    at new URL (internal/url.js:334:5)
    at file:///C:/Users/Sebas/Desktop/Licencjat/Server/middleware/auth.js:3:49
    at ModuleJob.run (internal/modules/esm/module_job.js:146:23)
    at async Loader.import (internal/modules/esm/loader.js:165:24)
    at async Object.loadESM (internal/process/esm_loader.js:68:5)
2021-01-12T20:35:18.355Z [error]: main - uncaughtException: Invalid URL: ../config/custom-environment-variables.json
TypeError [ERR_INVALID_URL]: Invalid URL: ../config/custom-environment-variables.json
    at onParseError (internal/url.js:258:9)
    at new URL (internal/url.js:334:5)
    at file:///C:/Users/Sebas/Desktop/Licencjat/Server/middleware/auth.js:3:49
    at ModuleJob.run (internal/modules/esm/module_job.js:146:23)
    at async Loader.import (internal/modules/esm/loader.js:165:24)
    at async Object.loadESM (internal/process/esm_loader.js:68:5)
2021-01-12T20:36:44.027Z [error]: main - uncaughtException: Invalid URL: ../config/custom-environment-variables.json
TypeError [ERR_INVALID_URL]: Invalid URL: ../config/custom-environment-variables.json
    at onParseError (internal/url.js:258:9)
    at new URL (internal/url.js:334:5)
    at file:///C:/Users/Sebas/Desktop/Licencjat/Server/middleware/auth.js:3:49
    at ModuleJob.run (internal/modules/esm/module_job.js:146:23)
    at async Loader.import (internal/modules/esm/loader.js:165:24)
    at async Object.loadESM (internal/process/esm_loader.js:68:5)
2021-01-12T20:37:35.295Z [error]: main - uncaughtException: Invalid URL: ../config/custom-environment-variables.json
TypeError [ERR_INVALID_URL]: Invalid URL: ../config/custom-environment-variables.json
    at onParseError (internal/url.js:258:9)
    at new URL (internal/url.js:334:5)
    at file:///C:/Users/Sebas/Desktop/Licencjat/Server/middleware/auth.js:4:49
    at ModuleJob.run (internal/modules/esm/module_job.js:146:23)
    at async Loader.import (internal/modules/esm/loader.js:165:24)
    at async Object.loadESM (internal/process/esm_loader.js:68:5)
2021-01-12T20:38:22.564Z [error]: main - uncaughtException: Invalid URL: ../config/custom-environment-variables.json
TypeError [ERR_INVALID_URL]: Invalid URL: ../config/custom-environment-variables.json
    at onParseError (internal/url.js:258:9)
    at new URL (internal/url.js:334:5)
    at file:///C:/Users/Sebas/Desktop/Licencjat/Server/middleware/auth.js:4:49
    at ModuleJob.run (internal/modules/esm/module_job.js:146:23)
    at async Loader.import (internal/modules/esm/loader.js:165:24)
    at async Object.loadESM (internal/process/esm_loader.js:68:5)
2021-01-12T20:39:36.475Z [error]: main - uncaughtException: Invalid URL: ../config/custom-environment-variables.json
TypeError [ERR_INVALID_URL]: Invalid URL: ../config/custom-environment-variables.json
    at onParseError (internal/url.js:258:9)
    at new URL (internal/url.js:334:5)
    at file:///C:/Users/Sebas/Desktop/Licencjat/Server/middleware/auth.js:4:49
    at ModuleJob.run (internal/modules/esm/module_job.js:146:23)
    at async Loader.import (internal/modules/esm/loader.js:165:24)
    at async Object.loadESM (internal/process/esm_loader.js:68:5)
2021-01-12T20:40:31.685Z [error]: main - uncaughtException: Invalid URL: ./config/custom-environment-variables.json
TypeError [ERR_INVALID_URL]: Invalid URL: ./config/custom-environment-variables.json
    at onParseError (internal/url.js:258:9)
    at new URL (internal/url.js:334:5)
    at file:///C:/Users/Sebas/Desktop/Licencjat/Server/middleware/auth.js:3:13
    at ModuleJob.run (internal/modules/esm/module_job.js:146:23)
    at async Loader.import (internal/modules/esm/loader.js:165:24)
    at async Object.loadESM (internal/process/esm_loader.js:68:5)
2021-01-12T20:40:46.017Z [error]: main - uncaughtException: Invalid URL: ./config/custom-environment-variables.js
TypeError [ERR_INVALID_URL]: Invalid URL: ./config/custom-environment-variables.js
    at onParseError (internal/url.js:258:9)
    at new URL (internal/url.js:334:5)
    at file:///C:/Users/Sebas/Desktop/Licencjat/Server/middleware/auth.js:3:13
    at ModuleJob.run (internal/modules/esm/module_job.js:146:23)
    at async Loader.import (internal/modules/esm/loader.js:165:24)
    at async Object.loadESM (internal/process/esm_loader.js:68:5)
2021-01-12T20:42:29.143Z [error]: main - uncaughtException: Invalid URL: ../config/custom-environment-variables.json
TypeError [ERR_INVALID_URL]: Invalid URL: ../config/custom-environment-variables.json
    at onParseError (internal/url.js:258:9)
    at new URL (internal/url.js:334:5)
    at file:///C:/Users/Sebas/Desktop/Licencjat/Server/middleware/auth.js:4:49
    at ModuleJob.run (internal/modules/esm/module_job.js:146:23)
    at async Loader.import (internal/modules/esm/loader.js:165:24)
    at async Object.loadESM (internal/process/esm_loader.js:68:5)
2021-01-12T20:43:46.525Z [error]: main - uncaughtException: Invalid URL: ../config/custom-environment-variables.json
TypeError [ERR_INVALID_URL]: Invalid URL: ../config/custom-environment-variables.json
    at onParseError (internal/url.js:258:9)
    at new URL (internal/url.js:334:5)
    at file:///C:/Users/Sebas/Desktop/Licencjat/Server/models/workers.js:5:42
    at ModuleJob.run (internal/modules/esm/module_job.js:146:23)
    at async Loader.import (internal/modules/esm/loader.js:165:24)
    at async Object.loadESM (internal/process/esm_loader.js:68:5)
2021-01-12T20:47:58.083Z [error]: main - uncaughtException: Invalid URL: ../config/custom-environment-variables.json
TypeError [ERR_INVALID_URL]: Invalid URL: ../config/custom-environment-variables.json
    at onParseError (internal/url.js:258:9)
    at new URL (internal/url.js:334:5)
    at file:///C:/Users/Sebas/Desktop/Licencjat/Server/models/workers.js:5:42
    at ModuleJob.run (internal/modules/esm/module_job.js:146:23)
    at async Loader.import (internal/modules/esm/loader.js:165:24)
    at async Object.loadESM (internal/process/esm_loader.js:68:5)
2021-01-12T20:48:03.199Z [error]: main - uncaughtException: Invalid URL: ../config/custom-environment-variables.json
TypeError [ERR_INVALID_URL]: Invalid URL: ../config/custom-environment-variables.json
    at onParseError (internal/url.js:258:9)
    at new URL (internal/url.js:334:5)
    at file:///C:/Users/Sebas/Desktop/Licencjat/Server/models/workers.js:5:42
    at ModuleJob.run (internal/modules/esm/module_job.js:146:23)
    at async Loader.import (internal/modules/esm/loader.js:165:24)
    at async Object.loadESM (internal/process/esm_loader.js:68:5)
2021-01-12T20:48:34.970Z [error]: main - uncaughtException: Invalid URL: ../config/custom-environment-variables.json
TypeError [ERR_INVALID_URL]: Invalid URL: ../config/custom-environment-variables.json
    at onParseError (internal/url.js:258:9)
    at new URL (internal/url.js:334:5)
    at file:///C:/Users/Sebas/Desktop/Licencjat/Server/models/workers.js:5:42
    at ModuleJob.run (internal/modules/esm/module_job.js:146:23)
    at async Loader.import (internal/modules/esm/loader.js:165:24)
    at async Object.loadESM (internal/process/esm_loader.js:68:5)
2021-01-12T20:49:22.633Z [error]: main - uncaughtException: ENOENT: no such file or directory, open 'C:\Users\Sebas\Desktop\Licencjat\config\custom-environment-variables.json'
Error: ENOENT: no such file or directory, open 'C:\Users\Sebas\Desktop\Licencjat\config\custom-environment-variables.json'
2021-01-12T20:49:50.003Z [error]: main - uncaughtException: ENOENT: no such file or directory, open 'C:\Users\Sebas\Desktop\Licencjat\config\custom-environment-variables.json'
Error: ENOENT: no such file or directory, open 'C:\Users\Sebas\Desktop\Licencjat\config\custom-environment-variables.json'
2021-01-12T20:50:39.730Z [error]: main - uncaughtException: ENOENT: no such file or directory, open 'C:\Users\Sebas\Desktop\Licencjat\config\custom-environment-variables.json'
Error: ENOENT: no such file or directory, open 'C:\Users\Sebas\Desktop\Licencjat\config\custom-environment-variables.json'
2021-01-12T20:51:00.040Z [error]: main - uncaughtException: ENOENT: no such file or directory, open 'C:\Users\Sebas\Desktop\Licencjat\Server\Server\config\custom-environment-variables.json'
Error: ENOENT: no such file or directory, open 'C:\Users\Sebas\Desktop\Licencjat\Server\Server\config\custom-environment-variables.json'
2021-01-12T20:51:13.159Z [error]: main - uncaughtException: ENOENT: no such file or directory, open 'C:\Users\Sebas\Desktop\Licencjat\Server\Server\config\custom-environment-variables.json'
Error: ENOENT: no such file or directory, open 'C:\Users\Sebas\Desktop\Licencjat\Server\Server\config\custom-environment-variables.json'
2021-01-12T20:51:26.227Z [error]: main - uncaughtException: require is not defined
ReferenceError: require is not defined
    at file:///C:/Users/Sebas/Desktop/Licencjat/Server/controllers/worker.js:2:17
    at <anonymous> (<anonymous>)
2021-01-12T20:53:22.521Z [error]: main - uncaughtException: update is not defined
ReferenceError: update is not defined
    at file:///C:/Users/Sebas/Desktop/Licencjat/Server/controllers/vehicle.js:79:23
    at <anonymous> (<anonymous>)
2021-01-12T20:53:55.463Z [error]: main - uncaughtException: authController is not defined
ReferenceError: authController is not defined
    at file:///C:/Users/Sebas/Desktop/Licencjat/Server/routes/index.js:18:27
    at <anonymous> (<anonymous>)
2021-01-12T20:56:18.748Z [error]: main - uncaughtException: Route.post() requires a callback function but got a [object Module]
Error: Route.post() requires a callback function but got a [object Module]
    at Route.<computed> [as post] (C:\Users\Sebas\Desktop\Licencjat\Server\node_modules\express\lib\router\route.js:202:15)
    at Function.proto.<computed> [as post] (C:\Users\Sebas\Desktop\Licencjat\Server\node_modules\express\lib\router\index.js:510:19)
    at file:///C:/Users/Sebas/Desktop/Licencjat/Server/routes/index.js:25:8
    at <anonymous> (<anonymous>)
2021-01-12T20:56:42.017Z [error]: main - uncaughtException: Route.post() requires a callback function but got a [object Module]
Error: Route.post() requires a callback function but got a [object Module]
    at Route.<computed> [as post] (C:\Users\Sebas\Desktop\Licencjat\Server\node_modules\express\lib\router\route.js:202:15)
    at Function.proto.<computed> [as post] (C:\Users\Sebas\Desktop\Licencjat\Server\node_modules\express\lib\router\index.js:510:19)
    at file:///C:/Users/Sebas/Desktop/Licencjat/Server/routes/index.js:25:8
    at <anonymous> (<anonymous>)
2021-01-12T20:59:06.965Z [error]: main - uncaughtException: Route.post() requires a callback function but got a [object Module]
Error: Route.post() requires a callback function but got a [object Module]
    at Route.<computed> [as post] (C:\Users\Sebas\Desktop\Licencjat\Server\node_modules\express\lib\router\route.js:202:15)
    at Function.proto.<computed> [as post] (C:\Users\Sebas\Desktop\Licencjat\Server\node_modules\express\lib\router\index.js:510:19)
    at file:///C:/Users/Sebas/Desktop/Licencjat/Server/routes/index.js:25:8
    at <anonymous> (<anonymous>)
2021-01-12T20:59:29.217Z [error]: main - uncaughtException: Route.post() requires a callback function but got a [object Module]
Error: Route.post() requires a callback function but got a [object Module]
    at Route.<computed> [as post] (C:\Users\Sebas\Desktop\Licencjat\Server\node_modules\express\lib\router\route.js:202:15)
    at Function.proto.<computed> [as post] (C:\Users\Sebas\Desktop\Licencjat\Server\node_modules\express\lib\router\index.js:510:19)
    at file:///C:/Users/Sebas/Desktop/Licencjat/Server/routes/index.js:25:8
    at <anonymous> (<anonymous>)
2021-01-12T20:59:56.296Z [error]: main - uncaughtException: Order.findAndCountAll is not a function
TypeError: Order.findAndCountAll is not a function
    at Module.list (file:///C:/Users/Sebas/Desktop/Licencjat/Server/controllers/order.js:11:10)
    at file:///C:/Users/Sebas/Desktop/Licencjat/Server/routes/index.js:23:49
    at <anonymous> (<anonymous>)
2021-01-13T16:00:13.862Z [error]: main - uncaughtException: config is not defined
ReferenceError: config is not defined
    at file:///C:/Users/Sebas/Desktop/Licencjat/Server/models/index.js:18:31
2021-01-13T16:00:24.324Z [error]: main - uncaughtException: config is not defined
ReferenceError: config is not defined
    at file:///C:/Users/Sebas/Desktop/Licencjat/Server/models/index.js:18:31
2021-01-13T16:00:57.456Z [error]: main - uncaughtException: dbConfig is not defined
ReferenceError: dbConfig is not defined
    at file:///C:/Users/Sebas/Desktop/Licencjat/Server/models/index.js:17:1
2021-01-13T16:01:05.623Z [error]: main - uncaughtException: config is not defined
ReferenceError: config is not defined
    at file:///C:/Users/Sebas/Desktop/Licencjat/Server/models/index.js:18:31
2021-01-13T16:01:23.830Z [error]: main - uncaughtException: config is not defined
ReferenceError: config is not defined
    at file:///C:/Users/Sebas/Desktop/Licencjat/Server/models/index.js:18:31
2021-01-13T16:01:45.941Z [error]: main - uncaughtException: config is not defined
ReferenceError: config is not defined
    at file:///C:/Users/Sebas/Desktop/Licencjat/Server/models/index.js:18:31
2021-01-13T16:02:11.456Z [error]: main - uncaughtException: config is not defined
ReferenceError: config is not defined
    at file:///C:/Users/Sebas/Desktop/Licencjat/Server/models/index.js:18:31
2021-01-13T16:02:42.038Z [error]: main - uncaughtException: config is not defined
ReferenceError: config is not defined
    at file:///C:/Users/Sebas/Desktop/Licencjat/Server/models/index.js:18:31
2021-01-13T16:04:34.989Z [error]: main - uncaughtException: config is not defined
ReferenceError: config is not defined
    at file:///C:/Users/Sebas/Desktop/Licencjat/Server/models/index.js:17:31
2021-01-13T16:04:39.752Z [error]: main - uncaughtException: config is not defined
ReferenceError: config is not defined
    at file:///C:/Users/Sebas/Desktop/Licencjat/Server/models/index.js:17:31
2021-01-13T16:05:24.021Z [error]: main - uncaughtException: Route.get() requires a callback function but got a [object Object]
Error: Route.get() requires a callback function but got a [object Object]
    at Route.<computed> [as get] (C:\Users\Sebas\Desktop\Licencjat\Server\node_modules\express\lib\router\route.js:202:15)
    at Function.proto.<computed> [as get] (C:\Users\Sebas\Desktop\Licencjat\Server\node_modules\express\lib\router\index.js:510:19)
    at file:///C:/Users/Sebas/Desktop/Licencjat/Server/routes/index.js:23:8
    at <anonymous> (<anonymous>)
2021-01-13T16:09:06.765Z [error]: main - uncaughtException: Route.get() requires a callback function but got a [object Object]
Error: Route.get() requires a callback function but got a [object Object]
    at Route.<computed> [as get] (C:\Users\Sebas\Desktop\Licencjat\Server\node_modules\express\lib\router\route.js:202:15)
    at Function.proto.<computed> [as get] (C:\Users\Sebas\Desktop\Licencjat\Server\node_modules\express\lib\router\index.js:510:19)
    at file:///C:/Users/Sebas/Desktop/Licencjat/Server/routes/index.js:23:8
    at <anonymous> (<anonymous>)
2021-01-13T16:09:45.813Z [error]: main - uncaughtException: Route.get() requires a callback function but got a [object Object]
Error: Route.get() requires a callback function but got a [object Object]
    at Route.<computed> [as get] (C:\Users\Sebas\Desktop\Licencjat\Server\node_modules\express\lib\router\route.js:202:15)
    at Function.proto.<computed> [as get] (C:\Users\Sebas\Desktop\Licencjat\Server\node_modules\express\lib\router\index.js:510:19)
    at file:///C:/Users/Sebas/Desktop/Licencjat/Server/routes/index.js:23:8
    at <anonymous> (<anonymous>)
2021-01-13T16:12:45.310Z [error]: main - uncaughtException: Route.get() requires a callback function but got a [object Object]
Error: Route.get() requires a callback function but got a [object Object]
    at Route.<computed> [as get] (C:\Users\Sebas\Desktop\Licencjat\Server\node_modules\express\lib\router\route.js:202:15)
    at Function.proto.<computed> [as get] (C:\Users\Sebas\Desktop\Licencjat\Server\node_modules\express\lib\router\index.js:510:19)
    at file:///C:/Users/Sebas/Desktop/Licencjat/Server/routes/index.js:23:8
    at <anonymous> (<anonymous>)
13.01.2021, 17:12:56 [error]: main - uncaughtException: Route.get() requires a callback function but got a [object Object]
Error: Route.get() requires a callback function but got a [object Object]
    at Route.<computed> [as get] (C:\Users\Sebas\Desktop\Licencjat\Server\node_modules\express\lib\router\route.js:202:15)
    at Function.proto.<computed> [as get] (C:\Users\Sebas\Desktop\Licencjat\Server\node_modules\express\lib\router\index.js:510:19)
    at file:///C:/Users/Sebas/Desktop/Licencjat/Server/routes/index.js:23:8
    at <anonymous> (<anonymous>)
13.01.2021, 17:13:34 [error]: main - uncaughtException: Route.get() requires a callback function but got a [object Object]
Error: Route.get() requires a callback function but got a [object Object]
    at Route.<computed> [as get] (C:\Users\Sebas\Desktop\Licencjat\Server\node_modules\express\lib\router\route.js:202:15)
    at Function.proto.<computed> [as get] (C:\Users\Sebas\Desktop\Licencjat\Server\node_modules\express\lib\router\index.js:510:19)
    at file:///C:/Users/Sebas/Desktop/Licencjat/Server/routes/index.js:23:8
    at <anonymous> (<anonymous>)
13.01.2021, 17:26:23 [error]: main - uncaughtException: orderController.list is not a function
TypeError: orderController.list is not a function
    at file:///C:/Users/Sebas/Desktop/Licencjat/Server/routes/index.js:16:49
    at <anonymous> (<anonymous>)
13.01.2021, 17:26:30 [error]: main - uncaughtException: Route.get() requires a callback function but got a [object Undefined]
Error: Route.get() requires a callback function but got a [object Undefined]
    at Route.<computed> [as get] (C:\Users\Sebas\Desktop\Licencjat\Server\node_modules\express\lib\router\route.js:202:15)
    at Function.proto.<computed> [as get] (C:\Users\Sebas\Desktop\Licencjat\Server\node_modules\express\lib\router\index.js:510:19)
    at file:///C:/Users/Sebas/Desktop/Licencjat/Server/routes/index.js:16:8
    at <anonymous> (<anonymous>)
13.01.2021, 17:26:35 [error]: main - uncaughtException: orderController.list is not a function
TypeError: orderController.list is not a function
    at file:///C:/Users/Sebas/Desktop/Licencjat/Server/routes/index.js:16:49
    at <anonymous> (<anonymous>)
13.01.2021, 17:27:41 [error]: main - uncaughtException: Route.get() requires a callback function but got a [object Undefined]
Error: Route.get() requires a callback function but got a [object Undefined]
    at Route.<computed> [as get] (C:\Users\Sebas\Desktop\Licencjat\Server\node_modules\express\lib\router\route.js:202:15)
    at Function.proto.<computed> [as get] (C:\Users\Sebas\Desktop\Licencjat\Server\node_modules\express\lib\router\index.js:510:19)
    at file:///C:/Users/Sebas/Desktop/Licencjat/Server/routes/index.js:16:8
    at <anonymous> (<anonymous>)
13.01.2021, 17:28:15 [error]: main - uncaughtException: Route.post() requires a callback function but got a [object Module]
Error: Route.post() requires a callback function but got a [object Module]
    at Route.<computed> [as post] (C:\Users\Sebas\Desktop\Licencjat\Server\node_modules\express\lib\router\route.js:202:15)
    at Function.proto.<computed> [as post] (C:\Users\Sebas\Desktop\Licencjat\Server\node_modules\express\lib\router\index.js:510:19)
    at file:///C:/Users/Sebas/Desktop/Licencjat/Server/routes/index.js:18:8
    at <anonymous> (<anonymous>)
13.01.2021, 17:28:50 [error]: main - uncaughtException: Route.post() requires a callback function but got a [object Module]
Error: Route.post() requires a callback function but got a [object Module]
    at Route.<computed> [as post] (C:\Users\Sebas\Desktop\Licencjat\Server\node_modules\express\lib\router\route.js:202:15)
    at Function.proto.<computed> [as post] (C:\Users\Sebas\Desktop\Licencjat\Server\node_modules\express\lib\router\index.js:510:19)
    at file:///C:/Users/Sebas/Desktop/Licencjat/Server/routes/index.js:18:8
    at <anonymous> (<anonymous>)
13.01.2021, 17:29:03 [error]: main - uncaughtException: __dirname is not defined
ReferenceError: __dirname is not defined
    at file:///C:/Users/Sebas/Desktop/Licencjat/Server/app.js:23:34
    at <anonymous> (<anonymous>)
13.01.2021, 17:30:27 [error]: main - uncaughtException: __dirname is not defined
ReferenceError: __dirname is not defined
    at file:///C:/Users/Sebas/Desktop/Licencjat/Server/app.js:23:34
    at <anonymous> (<anonymous>)
13.01.2021, 17:30:43 [error]: main - uncaughtException: __dirname is not defined
ReferenceError: __dirname is not defined
    at file:///C:/Users/Sebas/Desktop/Licencjat/Server/app.js:23:34
    at <anonymous> (<anonymous>)
13.01.2021, 17:31:57 [error]: main - uncaughtException: app.use() requires a middleware function
TypeError: app.use() requires a middleware function
    at Function.use (C:\Users\Sebas\Desktop\Licencjat\Server\node_modules\express\lib\application.js:210:11)
    at file:///C:/Users/Sebas/Desktop/Licencjat/Server/app.js:32:5
    at <anonymous> (<anonymous>)
13.01.2021, 17:32:20 [error]: main - uncaughtException: app.use() requires a middleware function
TypeError: app.use() requires a middleware function
    at Function.use (C:\Users\Sebas\Desktop\Licencjat\Server\node_modules\express\lib\application.js:210:11)
    at file:///C:/Users/Sebas/Desktop/Licencjat/Server/app.js:31:5
    at <anonymous> (<anonymous>)
13.01.2021, 17:34:29 [error]: main - uncaughtException: app.use() requires a middleware function
TypeError: app.use() requires a middleware function
    at Function.use (C:\Users\Sebas\Desktop\Licencjat\Server\node_modules\express\lib\application.js:210:11)
    at file:///C:/Users/Sebas/Desktop/Licencjat/Server/app.js:31:5
    at <anonymous> (<anonymous>)
13.01.2021, 17:35:00 [error]: main - uncaughtException: app.use() requires a middleware function
TypeError: app.use() requires a middleware function
    at Function.use (C:\Users\Sebas\Desktop\Licencjat\Server\node_modules\express\lib\application.js:210:11)
    at file:///C:/Users/Sebas/Desktop/Licencjat/Server/app.js:31:5
    at <anonymous> (<anonymous>)
13.01.2021, 17:35:11 [error]: main - uncaughtException: app.use() requires a middleware function
TypeError: app.use() requires a middleware function
    at Function.use (C:\Users\Sebas\Desktop\Licencjat\Server\node_modules\express\lib\application.js:210:11)
    at file:///C:/Users/Sebas/Desktop/Licencjat/Server/app.js:31:5
    at <anonymous> (<anonymous>)
13.01.2021, 17:40:54 [error]: main - uncaughtException: error is not defined
ReferenceError: error is not defined
    at file:///C:/Users/Sebas/Desktop/Licencjat/Server/middleware/error.js:3:22
    at ModuleJob.run (internal/modules/esm/module_job.js:146:23)
    at async Loader.import (internal/modules/esm/loader.js:165:24)
    at async Object.loadESM (internal/process/esm_loader.js:68:5)
13.01.2021, 17:44:04 [error]: main - uncaughtException: __dirname is not defined
ReferenceError: __dirname is not defined
    at file:///C:/Users/Sebas/Desktop/Licencjat/Server/models/index.js:35:18
13.01.2021, 17:44:24 [error]: main - uncaughtException: basename is not defined
ReferenceError: basename is not defined
    at file:///C:/Users/Sebas/Desktop/Licencjat/Server/models/index.js:41:55
    at Array.filter (<anonymous>)
    at file:///C:/Users/Sebas/Desktop/Licencjat/Server/models/index.js:40:6
13.01.2021, 17:44:42 [error]: main - uncaughtException: Must use import to load ES Module: C:\Users\Sebas\Desktop\Licencjat\Server\models\customer.js
require() of ES modules is not supported.
require() of C:\Users\Sebas\Desktop\Licencjat\Server\models\customer.js from C:\Users\Sebas\Desktop\Licencjat\Server\node_modules\sequelize\lib\sequelize.js is an ES module file as it is a .js file whose nearest parent package.json contains "type": "module" which defines all .js files in that package scope as ES modules.
Instead rename customer.js to end in .cjs, change the requiring code to use import(), or remove "type": "module" from C:\Users\Sebas\Desktop\Licencjat\Server\package.json.

Error [ERR_REQUIRE_ESM]: Must use import to load ES Module: C:\Users\Sebas\Desktop\Licencjat\Server\models\customer.js
require() of ES modules is not supported.
require() of C:\Users\Sebas\Desktop\Licencjat\Server\models\customer.js from C:\Users\Sebas\Desktop\Licencjat\Server\node_modules\sequelize\lib\sequelize.js is an ES module file as it is a .js file whose nearest parent package.json contains "type": "module" which defines all .js files in that package scope as ES modules.
Instead rename customer.js to end in .cjs, change the requiring code to use import(), or remove "type": "module" from C:\Users\Sebas\Desktop\Licencjat\Server\package.json.

    at Object.Module._extensions..js (internal/modules/cjs/loader.js:1080:13)
    at Module.load (internal/modules/cjs/loader.js:928:32)
    at Function.Module._load (internal/modules/cjs/loader.js:769:14)
    at Module.require (internal/modules/cjs/loader.js:952:19)
    at require (internal/modules/cjs/helpers.js:88:18)
    at Sequelize.import (C:\Users\Sebas\Desktop\Licencjat\Server\node_modules\sequelize\lib\sequelize.js:481:62)
    at file:///C:/Users/Sebas/Desktop/Licencjat/Server/models/index.js:44:42
    at Array.forEach (<anonymous>)
    at file:///C:/Users/Sebas/Desktop/Licencjat/Server/models/index.js:43:6
13.01.2021, 18:22:14 [error]: main - uncaughtException: Must use import to load ES Module: C:\Users\Sebas\Desktop\Licencjat\Server\models\customer.js
require() of ES modules is not supported.
require() of C:\Users\Sebas\Desktop\Licencjat\Server\models\customer.js from C:\Users\Sebas\Desktop\Licencjat\Server\node_modules\sequelize\lib\sequelize.js is an ES module file as it is a .js file whose nearest parent package.json contains "type": "module" which defines all .js files in that package scope as ES modules.
Instead rename customer.js to end in .cjs, change the requiring code to use import(), or remove "type": "module" from C:\Users\Sebas\Desktop\Licencjat\Server\package.json.

Error [ERR_REQUIRE_ESM]: Must use import to load ES Module: C:\Users\Sebas\Desktop\Licencjat\Server\models\customer.js
require() of ES modules is not supported.
require() of C:\Users\Sebas\Desktop\Licencjat\Server\models\customer.js from C:\Users\Sebas\Desktop\Licencjat\Server\node_modules\sequelize\lib\sequelize.js is an ES module file as it is a .js file whose nearest parent package.json contains "type": "module" which defines all .js files in that package scope as ES modules.
Instead rename customer.js to end in .cjs, change the requiring code to use import(), or remove "type": "module" from C:\Users\Sebas\Desktop\Licencjat\Server\package.json.

    at Object.Module._extensions..js (internal/modules/cjs/loader.js:1080:13)
    at Module.load (internal/modules/cjs/loader.js:928:32)
    at Function.Module._load (internal/modules/cjs/loader.js:769:14)
    at Module.require (internal/modules/cjs/loader.js:952:19)
    at require (internal/modules/cjs/helpers.js:88:18)
    at Sequelize.import (C:\Users\Sebas\Desktop\Licencjat\Server\node_modules\sequelize\lib\sequelize.js:481:62)
    at file:///C:/Users/Sebas/Desktop/Licencjat/Server/models/index.js:44:42
    at Array.forEach (<anonymous>)
    at file:///C:/Users/Sebas/Desktop/Licencjat/Server/models/index.js:43:6
13.01.2021, 18:25:51 [error]: main - uncaughtException: Must use import to load ES Module: C:\Users\Sebas\Desktop\Licencjat\Server\models\customer.js
require() of ES modules is not supported.
require() of C:\Users\Sebas\Desktop\Licencjat\Server\models\customer.js from C:\Users\Sebas\Desktop\Licencjat\Server\node_modules\sequelize\lib\sequelize.js is an ES module file as it is a .js file whose nearest parent package.json contains "type": "module" which defines all .js files in that package scope as ES modules.
Instead rename customer.js to end in .cjs, change the requiring code to use import(), or remove "type": "module" from C:\Users\Sebas\Desktop\Licencjat\Server\package.json.

Error [ERR_REQUIRE_ESM]: Must use import to load ES Module: C:\Users\Sebas\Desktop\Licencjat\Server\models\customer.js
require() of ES modules is not supported.
require() of C:\Users\Sebas\Desktop\Licencjat\Server\models\customer.js from C:\Users\Sebas\Desktop\Licencjat\Server\node_modules\sequelize\lib\sequelize.js is an ES module file as it is a .js file whose nearest parent package.json contains "type": "module" which defines all .js files in that package scope as ES modules.
Instead rename customer.js to end in .cjs, change the requiring code to use import(), or remove "type": "module" from C:\Users\Sebas\Desktop\Licencjat\Server\package.json.

    at Object.Module._extensions..js (internal/modules/cjs/loader.js:1080:13)
    at Module.load (internal/modules/cjs/loader.js:928:32)
    at Function.Module._load (internal/modules/cjs/loader.js:769:14)
    at Module.require (internal/modules/cjs/loader.js:952:19)
    at require (internal/modules/cjs/helpers.js:88:18)
    at Sequelize.import (C:\Users\Sebas\Desktop\Licencjat\Server\node_modules\sequelize\lib\sequelize.js:481:62)
    at file:///C:/Users/Sebas/Desktop/Licencjat/Server/models/index.js:44:42
    at Array.forEach (<anonymous>)
    at file:///C:/Users/Sebas/Desktop/Licencjat/Server/models/index.js:43:6
13.01.2021, 18:26:36 [error]: main - uncaughtException: Must use import to load ES Module: C:\Users\Sebas\Desktop\Licencjat\Server\models\customer.js
require() of ES modules is not supported.
require() of C:\Users\Sebas\Desktop\Licencjat\Server\models\customer.js from C:\Users\Sebas\Desktop\Licencjat\Server\node_modules\sequelize\lib\sequelize.js is an ES module file as it is a .js file whose nearest parent package.json contains "type": "module" which defines all .js files in that package scope as ES modules.
Instead rename customer.js to end in .cjs, change the requiring code to use import(), or remove "type": "module" from C:\Users\Sebas\Desktop\Licencjat\Server\package.json.

Error [ERR_REQUIRE_ESM]: Must use import to load ES Module: C:\Users\Sebas\Desktop\Licencjat\Server\models\customer.js
require() of ES modules is not supported.
require() of C:\Users\Sebas\Desktop\Licencjat\Server\models\customer.js from C:\Users\Sebas\Desktop\Licencjat\Server\node_modules\sequelize\lib\sequelize.js is an ES module file as it is a .js file whose nearest parent package.json contains "type": "module" which defines all .js files in that package scope as ES modules.
Instead rename customer.js to end in .cjs, change the requiring code to use import(), or remove "type": "module" from C:\Users\Sebas\Desktop\Licencjat\Server\package.json.

    at Object.Module._extensions..js (internal/modules/cjs/loader.js:1080:13)
    at Module.load (internal/modules/cjs/loader.js:928:32)
    at Function.Module._load (internal/modules/cjs/loader.js:769:14)
    at Module.require (internal/modules/cjs/loader.js:952:19)
    at require (internal/modules/cjs/helpers.js:88:18)
    at Sequelize.import (C:\Users\Sebas\Desktop\Licencjat\Server\node_modules\sequelize\lib\sequelize.js:481:62)
    at file:///C:/Users/Sebas/Desktop/Licencjat/Server/models/index.js:44:42
    at Array.forEach (<anonymous>)
    at file:///C:/Users/Sebas/Desktop/Licencjat/Server/models/index.js:43:6
13.01.2021, 18:26:50 [error]: main - uncaughtException: Must use import to load ES Module: C:\Users\Sebas\Desktop\Licencjat\Server\models\customer.js
require() of ES modules is not supported.
require() of C:\Users\Sebas\Desktop\Licencjat\Server\models\customer.js from C:\Users\Sebas\Desktop\Licencjat\Server\node_modules\sequelize\lib\sequelize.js is an ES module file as it is a .js file whose nearest parent package.json contains "type": "module" which defines all .js files in that package scope as ES modules.
Instead rename customer.js to end in .cjs, change the requiring code to use import(), or remove "type": "module" from C:\Users\Sebas\Desktop\Licencjat\Server\package.json.

Error [ERR_REQUIRE_ESM]: Must use import to load ES Module: C:\Users\Sebas\Desktop\Licencjat\Server\models\customer.js
require() of ES modules is not supported.
require() of C:\Users\Sebas\Desktop\Licencjat\Server\models\customer.js from C:\Users\Sebas\Desktop\Licencjat\Server\node_modules\sequelize\lib\sequelize.js is an ES module file as it is a .js file whose nearest parent package.json contains "type": "module" which defines all .js files in that package scope as ES modules.
Instead rename customer.js to end in .cjs, change the requiring code to use import(), or remove "type": "module" from C:\Users\Sebas\Desktop\Licencjat\Server\package.json.

    at Object.Module._extensions..js (internal/modules/cjs/loader.js:1080:13)
    at Module.load (internal/modules/cjs/loader.js:928:32)
    at Function.Module._load (internal/modules/cjs/loader.js:769:14)
    at Module.require (internal/modules/cjs/loader.js:952:19)
    at require (internal/modules/cjs/helpers.js:88:18)
    at Sequelize.import (C:\Users\Sebas\Desktop\Licencjat\Server\node_modules\sequelize\lib\sequelize.js:481:62)
    at file:///C:/Users/Sebas/Desktop/Licencjat/Server/models/index.js:44:42
    at Array.forEach (<anonymous>)
    at file:///C:/Users/Sebas/Desktop/Licencjat/Server/models/index.js:43:6
13.01.2021, 18:28:19 [error]: main - uncaughtException: Must use import to load ES Module: C:\Users\Sebas\Desktop\Licencjat\Server\models\customer.js
require() of ES modules is not supported.
require() of C:\Users\Sebas\Desktop\Licencjat\Server\models\customer.js from C:\Users\Sebas\Desktop\Licencjat\Server\node_modules\sequelize\lib\sequelize.js is an ES module file as it is a .js file whose nearest parent package.json contains "type": "module" which defines all .js files in that package scope as ES modules.
Instead rename customer.js to end in .cjs, change the requiring code to use import(), or remove "type": "module" from C:\Users\Sebas\Desktop\Licencjat\Server\package.json.

Error [ERR_REQUIRE_ESM]: Must use import to load ES Module: C:\Users\Sebas\Desktop\Licencjat\Server\models\customer.js
require() of ES modules is not supported.
require() of C:\Users\Sebas\Desktop\Licencjat\Server\models\customer.js from C:\Users\Sebas\Desktop\Licencjat\Server\node_modules\sequelize\lib\sequelize.js is an ES module file as it is a .js file whose nearest parent package.json contains "type": "module" which defines all .js files in that package scope as ES modules.
Instead rename customer.js to end in .cjs, change the requiring code to use import(), or remove "type": "module" from C:\Users\Sebas\Desktop\Licencjat\Server\package.json.

    at Object.Module._extensions..js (internal/modules/cjs/loader.js:1080:13)
    at Module.load (internal/modules/cjs/loader.js:928:32)
    at Function.Module._load (internal/modules/cjs/loader.js:769:14)
    at Module.require (internal/modules/cjs/loader.js:952:19)
    at require (internal/modules/cjs/helpers.js:88:18)
    at Sequelize.import (C:\Users\Sebas\Desktop\Licencjat\Server\node_modules\sequelize\lib\sequelize.js:481:62)
    at file:///C:/Users/Sebas/Desktop/Licencjat/Server/models/index.js:44:42
    at Array.forEach (<anonymous>)
    at file:///C:/Users/Sebas/Desktop/Licencjat/Server/models/index.js:43:6
13.01.2021, 18:28:27 [error]: main - uncaughtException: Must use import to load ES Module: C:\Users\Sebas\Desktop\Licencjat\Server\models\customer.js
require() of ES modules is not supported.
require() of C:\Users\Sebas\Desktop\Licencjat\Server\models\customer.js from C:\Users\Sebas\Desktop\Licencjat\Server\node_modules\sequelize\lib\sequelize.js is an ES module file as it is a .js file whose nearest parent package.json contains "type": "module" which defines all .js files in that package scope as ES modules.
Instead rename customer.js to end in .cjs, change the requiring code to use import(), or remove "type": "module" from C:\Users\Sebas\Desktop\Licencjat\Server\package.json.

Error [ERR_REQUIRE_ESM]: Must use import to load ES Module: C:\Users\Sebas\Desktop\Licencjat\Server\models\customer.js
require() of ES modules is not supported.
require() of C:\Users\Sebas\Desktop\Licencjat\Server\models\customer.js from C:\Users\Sebas\Desktop\Licencjat\Server\node_modules\sequelize\lib\sequelize.js is an ES module file as it is a .js file whose nearest parent package.json contains "type": "module" which defines all .js files in that package scope as ES modules.
Instead rename customer.js to end in .cjs, change the requiring code to use import(), or remove "type": "module" from C:\Users\Sebas\Desktop\Licencjat\Server\package.json.

    at Object.Module._extensions..js (internal/modules/cjs/loader.js:1080:13)
    at Module.load (internal/modules/cjs/loader.js:928:32)
    at Function.Module._load (internal/modules/cjs/loader.js:769:14)
    at Module.require (internal/modules/cjs/loader.js:952:19)
    at require (internal/modules/cjs/helpers.js:88:18)
    at Sequelize.import (C:\Users\Sebas\Desktop\Licencjat\Server\node_modules\sequelize\lib\sequelize.js:481:62)
    at file:///C:/Users/Sebas/Desktop/Licencjat/Server/models/index.js:44:42
    at Array.forEach (<anonymous>)
    at file:///C:/Users/Sebas/Desktop/Licencjat/Server/models/index.js:43:6
13.01.2021, 18:34:50 [error]: main - uncaughtException: Must use import to load ES Module: C:\Users\Sebas\Desktop\Licencjat\Server\models\customer.js
require() of ES modules is not supported.
require() of C:\Users\Sebas\Desktop\Licencjat\Server\models\customer.js from C:\Users\Sebas\Desktop\Licencjat\Server\node_modules\sequelize\lib\sequelize.js is an ES module file as it is a .js file whose nearest parent package.json contains "type": "module" which defines all .js files in that package scope as ES modules.
Instead rename customer.js to end in .cjs, change the requiring code to use import(), or remove "type": "module" from C:\Users\Sebas\Desktop\Licencjat\Server\package.json.

Error [ERR_REQUIRE_ESM]: Must use import to load ES Module: C:\Users\Sebas\Desktop\Licencjat\Server\models\customer.js
require() of ES modules is not supported.
require() of C:\Users\Sebas\Desktop\Licencjat\Server\models\customer.js from C:\Users\Sebas\Desktop\Licencjat\Server\node_modules\sequelize\lib\sequelize.js is an ES module file as it is a .js file whose nearest parent package.json contains "type": "module" which defines all .js files in that package scope as ES modules.
Instead rename customer.js to end in .cjs, change the requiring code to use import(), or remove "type": "module" from C:\Users\Sebas\Desktop\Licencjat\Server\package.json.

    at Object.Module._extensions..js (internal/modules/cjs/loader.js:1080:13)
    at Module.load (internal/modules/cjs/loader.js:928:32)
    at Function.Module._load (internal/modules/cjs/loader.js:769:14)
    at Module.require (internal/modules/cjs/loader.js:952:19)
    at require (internal/modules/cjs/helpers.js:88:18)
    at Sequelize.import (C:\Users\Sebas\Desktop\Licencjat\Server\node_modules\sequelize\lib\sequelize.js:481:62)
    at file:///C:/Users/Sebas/Desktop/Licencjat/Server/models/index.js:44:42
    at Array.forEach (<anonymous>)
    at file:///C:/Users/Sebas/Desktop/Licencjat/Server/models/index.js:43:6
13.01.2021, 18:37:49 [error]: main - uncaughtException: db is not defined
ReferenceError: db is not defined
    at file:///C:/Users/Sebas/Desktop/Licencjat/Server/models/index.js:54:1
13.01.2021, 18:37:57 [error]: main - uncaughtException: db is not defined
ReferenceError: db is not defined
    at file:///C:/Users/Sebas/Desktop/Licencjat/Server/models/index.js:54:1
13.01.2021, 18:49:19 [error]: main - uncaughtException: Route.delete() requires a callback function but got a [object Undefined]
Error: Route.delete() requires a callback function but got a [object Undefined]
    at Route.<computed> [as delete] (C:\Users\Sebas\Desktop\Licencjat\Server\node_modules\express\lib\router\route.js:202:15)
    at Function.proto.<computed> [as delete] (C:\Users\Sebas\Desktop\Licencjat\Server\node_modules\express\lib\router\index.js:510:19)
    at file:///C:/Users/Sebas/Desktop/Licencjat/Server/routes/index.js:28:14
    at <anonymous> (<anonymous>)
13.01.2021, 19:16:12 [error]: main - uncaughtException: Cannot access 'Worker' before initialization
ReferenceError: Cannot access 'Worker' before initialization
    at file:///C:/Users/Sebas/Desktop/Licencjat/Server/models/vehicle.js:56:19
    at <anonymous> (<anonymous>)
13.01.2021, 19:16:59 [error]: main - uncaughtException: Cannot access 'Worker' before initialization
ReferenceError: Cannot access 'Worker' before initialization
    at file:///C:/Users/Sebas/Desktop/Licencjat/Server/models/vehicle.js:47:19
    at <anonymous> (<anonymous>)
13.01.2021, 19:46:54 [error]: main - uncaughtException: Cannot read property 'undefined' of undefined
TypeError: Cannot read property 'undefined' of undefined
    at new BelongsTo (C:\Users\Sebas\Desktop\Licencjat\Server\node_modules\sequelize\lib\associations\belongs-to.js:63:52)
    at Function.<anonymous> (C:\Users\Sebas\Desktop\Licencjat\Server\node_modules\sequelize\lib\associations\mixin.js:105:25)
    at file:///C:/Users/Sebas/Desktop/Licencjat/Server/models/index.js:16:7
    at <anonymous> (<anonymous>)
13.01.2021, 19:46:57 [error]: main - uncaughtException: Cannot read property 'undefined' of undefined
TypeError: Cannot read property 'undefined' of undefined
    at new BelongsTo (C:\Users\Sebas\Desktop\Licencjat\Server\node_modules\sequelize\lib\associations\belongs-to.js:63:52)
    at Function.<anonymous> (C:\Users\Sebas\Desktop\Licencjat\Server\node_modules\sequelize\lib\associations\mixin.js:105:25)
    at file:///C:/Users/Sebas/Desktop/Licencjat/Server/models/index.js:20:7
    at <anonymous> (<anonymous>)
13.01.2021, 19:50:20 [error]: main - uncaughtException: vehicle.belongsTo called with something that's not a subclass of Sequelize.Model
Error: vehicle.belongsTo called with something that's not a subclass of Sequelize.Model
    at Function.<anonymous> (C:\Users\Sebas\Desktop\Licencjat\Server\node_modules\sequelize\lib\associations\mixin.js:93:13)
    at file:///C:/Users/Sebas/Desktop/Licencjat/Server/models/index.js:16:9
    at <anonymous> (<anonymous>)
13.01.2021, 19:55:41 [error]: main - uncaughtException: SemiTrailer is not defined
ReferenceError: SemiTrailer is not defined
    at file:///C:/Users/Sebas/Desktop/Licencjat/Server/models/semitrailer.js:6:6
    at <anonymous> (<anonymous>)
13.01.2021, 19:56:04 [error]: main - uncaughtException: No Sequelize instance passed
Error: No Sequelize instance passed
    at Function.init (C:\Users\Sebas\Desktop\Licencjat\Server\node_modules\sequelize\lib\model.js:926:13)
    at file:///C:/Users/Sebas/Desktop/Licencjat/Server/models/semitrailer.js:9:13
    at <anonymous> (<anonymous>)
